[2022-11-12T06:36:07.901+0000] {taskinstance.py:1165} INFO - Dependencies all met for <TaskInstance: task_dag.get_age manual__2022-11-12T06:35:57.515445+00:00 [queued]>
[2022-11-12T06:36:08.133+0000] {taskinstance.py:1165} INFO - Dependencies all met for <TaskInstance: task_dag.get_age manual__2022-11-12T06:35:57.515445+00:00 [queued]>
[2022-11-12T06:36:08.141+0000] {taskinstance.py:1362} INFO - 
--------------------------------------------------------------------------------
[2022-11-12T06:36:08.143+0000] {taskinstance.py:1363} INFO - Starting attempt 1 of 1
[2022-11-12T06:36:08.154+0000] {taskinstance.py:1364} INFO - 
--------------------------------------------------------------------------------
[2022-11-12T06:36:08.517+0000] {taskinstance.py:1383} INFO - Executing <Task(_PythonDecoratedOperator): get_age> on 2022-11-12 06:35:57.515445+00:00
[2022-11-12T06:36:08.591+0000] {standard_task_runner.py:54} INFO - Started process 4455 to run task
[2022-11-12T06:36:08.788+0000] {standard_task_runner.py:82} INFO - Running: ['***', 'tasks', 'run', 'task_dag', 'get_age', 'manual__2022-11-12T06:35:57.515445+00:00', '--job-id', '38', '--raw', '--subdir', 'DAGS_FOLDER/task_dag.py', '--cfg-path', '/tmp/tmpjprcu0cq']
[2022-11-12T06:36:08.804+0000] {standard_task_runner.py:83} INFO - Job 38: Subtask get_age
[2022-11-12T06:36:08.818+0000] {dagbag.py:525} INFO - Filling up the DagBag from /opt/***/dags/task_dag.py
[2022-11-12T06:36:09.050+0000] {taskmixin.py:205} WARNING - Dependency <Task(_PythonDecoratedOperator): get_name>, greet already registered for DAG: task_dag
[2022-11-12T06:36:09.054+0000] {taskmixin.py:205} WARNING - Dependency <Task(_PythonDecoratedOperator): greet>, get_name already registered for DAG: task_dag
[2022-11-12T06:36:09.056+0000] {taskmixin.py:205} WARNING - Dependency <Task(_PythonDecoratedOperator): get_name>, greet already registered for DAG: task_dag
[2022-11-12T06:36:09.058+0000] {taskmixin.py:205} WARNING - Dependency <Task(_PythonDecoratedOperator): greet>, get_name already registered for DAG: task_dag
[2022-11-12T06:36:09.073+0000] {taskmixin.py:205} WARNING - Dependency <Task(_PythonDecoratedOperator): get_name>, greet already registered for DAG: task_dag
[2022-11-12T06:36:09.079+0000] {taskmixin.py:205} WARNING - Dependency <Task(_PythonDecoratedOperator): greet>, get_name already registered for DAG: task_dag
[2022-11-12T06:36:09.086+0000] {taskmixin.py:205} WARNING - Dependency <Task(_PythonDecoratedOperator): get_age>, greet already registered for DAG: task_dag
[2022-11-12T06:36:09.091+0000] {taskmixin.py:205} WARNING - Dependency <Task(_PythonDecoratedOperator): greet>, get_age already registered for DAG: task_dag
[2022-11-12T06:36:09.109+0000] {taskmixin.py:205} WARNING - Dependency <Task(_PythonDecoratedOperator): get_name>, greet already registered for DAG: task_dag
[2022-11-12T06:36:09.126+0000] {taskmixin.py:205} WARNING - Dependency <Task(_PythonDecoratedOperator): greet>, get_name already registered for DAG: task_dag
[2022-11-12T06:36:09.179+0000] {taskmixin.py:205} WARNING - Dependency <Task(_PythonDecoratedOperator): get_name>, greet already registered for DAG: task_dag
[2022-11-12T06:36:09.181+0000] {taskmixin.py:205} WARNING - Dependency <Task(_PythonDecoratedOperator): greet>, get_name already registered for DAG: task_dag
[2022-11-12T06:36:09.185+0000] {taskmixin.py:205} WARNING - Dependency <Task(_PythonDecoratedOperator): get_age>, greet already registered for DAG: task_dag
[2022-11-12T06:36:09.191+0000] {taskmixin.py:205} WARNING - Dependency <Task(_PythonDecoratedOperator): greet>, get_age already registered for DAG: task_dag
[2022-11-12T06:36:09.217+0000] {taskmixin.py:205} WARNING - Dependency <Task(_PythonDecoratedOperator): get_name>, greet already registered for DAG: task_dag
[2022-11-12T06:36:09.220+0000] {taskmixin.py:205} WARNING - Dependency <Task(_PythonDecoratedOperator): greet>, get_name already registered for DAG: task_dag
[2022-11-12T06:36:09.224+0000] {taskmixin.py:205} WARNING - Dependency <Task(_PythonDecoratedOperator): get_name>, greet already registered for DAG: task_dag
[2022-11-12T06:36:09.290+0000] {taskmixin.py:205} WARNING - Dependency <Task(_PythonDecoratedOperator): greet>, get_name already registered for DAG: task_dag
[2022-11-12T06:36:09.295+0000] {taskmixin.py:205} WARNING - Dependency <Task(_PythonDecoratedOperator): get_age>, greet already registered for DAG: task_dag
[2022-11-12T06:36:09.303+0000] {taskmixin.py:205} WARNING - Dependency <Task(_PythonDecoratedOperator): greet>, get_age already registered for DAG: task_dag
[2022-11-12T06:36:09.312+0000] {taskmixin.py:205} WARNING - Dependency <Task(_PythonDecoratedOperator): get_name>, greet already registered for DAG: task_dag
[2022-11-12T06:36:09.317+0000] {taskmixin.py:205} WARNING - Dependency <Task(_PythonDecoratedOperator): greet>, get_name already registered for DAG: task_dag
[2022-11-12T06:36:09.324+0000] {taskmixin.py:205} WARNING - Dependency <Task(_PythonDecoratedOperator): get_name>, greet already registered for DAG: task_dag
[2022-11-12T06:36:09.332+0000] {taskmixin.py:205} WARNING - Dependency <Task(_PythonDecoratedOperator): greet>, get_name already registered for DAG: task_dag
[2022-11-12T06:36:09.334+0000] {taskmixin.py:205} WARNING - Dependency <Task(_PythonDecoratedOperator): get_age>, greet already registered for DAG: task_dag
[2022-11-12T06:36:09.338+0000] {taskmixin.py:205} WARNING - Dependency <Task(_PythonDecoratedOperator): greet>, get_age already registered for DAG: task_dag
[2022-11-12T06:36:09.352+0000] {taskmixin.py:205} WARNING - Dependency <Task(_PythonDecoratedOperator): get_name>, greet already registered for DAG: task_dag
[2022-11-12T06:36:09.355+0000] {taskmixin.py:205} WARNING - Dependency <Task(_PythonDecoratedOperator): greet>, get_name already registered for DAG: task_dag
[2022-11-12T06:36:09.358+0000] {taskmixin.py:205} WARNING - Dependency <Task(_PythonDecoratedOperator): get_name>, greet already registered for DAG: task_dag
[2022-11-12T06:36:09.365+0000] {taskmixin.py:205} WARNING - Dependency <Task(_PythonDecoratedOperator): greet>, get_name already registered for DAG: task_dag
[2022-11-12T06:36:09.370+0000] {taskmixin.py:205} WARNING - Dependency <Task(_PythonDecoratedOperator): get_age>, greet already registered for DAG: task_dag
[2022-11-12T06:36:09.371+0000] {taskmixin.py:205} WARNING - Dependency <Task(_PythonDecoratedOperator): greet>, get_age already registered for DAG: task_dag
[2022-11-12T06:36:10.338+0000] {task_command.py:384} INFO - Running <TaskInstance: task_dag.get_age manual__2022-11-12T06:35:57.515445+00:00 [running]> on host 4e1173cf24e4
[2022-11-12T06:36:11.659+0000] {taskinstance.py:1592} INFO - Exporting the following env vars:
AIRFLOW_CTX_DAG_OWNER=***
AIRFLOW_CTX_DAG_ID=task_dag
AIRFLOW_CTX_TASK_ID=get_age
AIRFLOW_CTX_EXECUTION_DATE=2022-11-12T06:35:57.515445+00:00
AIRFLOW_CTX_TRY_NUMBER=1
AIRFLOW_CTX_DAG_RUN_ID=manual__2022-11-12T06:35:57.515445+00:00
[2022-11-12T06:36:11.690+0000] {python.py:177} INFO - Done. Returned value was: 24
[2022-11-12T06:36:11.875+0000] {taskinstance.py:1406} INFO - Marking task as SUCCESS. dag_id=task_dag, task_id=get_age, execution_date=20221112T063557, start_date=20221112T063607, end_date=20221112T063611
[2022-11-12T06:36:12.168+0000] {local_task_job.py:164} INFO - Task exited with return code 0
[2022-11-12T06:36:12.549+0000] {local_task_job.py:273} INFO - 0 downstream tasks scheduled from follow-on schedule check
