[2022-11-12T05:06:42.097+0000] {taskinstance.py:1165} INFO - Dependencies all met for <TaskInstance: python_dag.python_task1 manual__2022-11-12T05:06:39.246320+00:00 [queued]>
[2022-11-12T05:06:42.128+0000] {taskinstance.py:1165} INFO - Dependencies all met for <TaskInstance: python_dag.python_task1 manual__2022-11-12T05:06:39.246320+00:00 [queued]>
[2022-11-12T05:06:42.130+0000] {taskinstance.py:1362} INFO - 
--------------------------------------------------------------------------------
[2022-11-12T05:06:42.137+0000] {taskinstance.py:1363} INFO - Starting attempt 1 of 1
[2022-11-12T05:06:42.138+0000] {taskinstance.py:1364} INFO - 
--------------------------------------------------------------------------------
[2022-11-12T05:06:42.188+0000] {taskinstance.py:1383} INFO - Executing <Task(PythonOperator): python_task1> on 2022-11-12 05:06:39.246320+00:00
[2022-11-12T05:06:42.205+0000] {standard_task_runner.py:54} INFO - Started process 1051 to run task
[2022-11-12T05:06:42.220+0000] {standard_task_runner.py:82} INFO - Running: ['***', 'tasks', 'run', 'python_dag', 'python_task1', 'manual__2022-11-12T05:06:39.246320+00:00', '--job-id', '16', '--raw', '--subdir', 'DAGS_FOLDER/python_operator.py', '--cfg-path', '/tmp/tmpy1p96l35']
[2022-11-12T05:06:42.223+0000] {standard_task_runner.py:83} INFO - Job 16: Subtask python_task1
[2022-11-12T05:06:42.227+0000] {dagbag.py:525} INFO - Filling up the DagBag from /opt/***/dags/python_operator.py
[2022-11-12T05:06:42.500+0000] {task_command.py:384} INFO - Running <TaskInstance: python_dag.python_task1 manual__2022-11-12T05:06:39.246320+00:00 [running]> on host 4e1173cf24e4
[2022-11-12T05:06:42.701+0000] {taskinstance.py:1592} INFO - Exporting the following env vars:
AIRFLOW_CTX_DAG_OWNER=***
AIRFLOW_CTX_DAG_ID=python_dag
AIRFLOW_CTX_TASK_ID=python_task1
AIRFLOW_CTX_EXECUTION_DATE=2022-11-12T05:06:39.246320+00:00
AIRFLOW_CTX_TRY_NUMBER=1
AIRFLOW_CTX_DAG_RUN_ID=manual__2022-11-12T05:06:39.246320+00:00
[2022-11-12T05:06:42.706+0000] {logging_mixin.py:117} INFO - Hello from my_func
[2022-11-12T05:06:42.708+0000] {python.py:177} INFO - Done. Returned value was: None
[2022-11-12T05:06:42.736+0000] {taskinstance.py:1406} INFO - Marking task as SUCCESS. dag_id=python_dag, task_id=python_task1, execution_date=20221112T050639, start_date=20221112T050642, end_date=20221112T050642
[2022-11-12T05:06:42.802+0000] {local_task_job.py:164} INFO - Task exited with return code 0
[2022-11-12T05:06:43.004+0000] {local_task_job.py:273} INFO - 0 downstream tasks scheduled from follow-on schedule check
