[2022-11-12T05:36:21.687+0000] {taskinstance.py:1165} INFO - Dependencies all met for <TaskInstance: xcom_dag.xcom_task1 manual__2022-11-12T05:36:15.054832+00:00 [queued]>
[2022-11-12T05:36:21.754+0000] {taskinstance.py:1165} INFO - Dependencies all met for <TaskInstance: xcom_dag.xcom_task1 manual__2022-11-12T05:36:15.054832+00:00 [queued]>
[2022-11-12T05:36:21.756+0000] {taskinstance.py:1362} INFO - 
--------------------------------------------------------------------------------
[2022-11-12T05:36:21.760+0000] {taskinstance.py:1363} INFO - Starting attempt 1 of 1
[2022-11-12T05:36:21.765+0000] {taskinstance.py:1364} INFO - 
--------------------------------------------------------------------------------
[2022-11-12T05:36:21.817+0000] {taskinstance.py:1383} INFO - Executing <Task(PythonOperator): xcom_task1> on 2022-11-12 05:36:15.054832+00:00
[2022-11-12T05:36:21.886+0000] {standard_task_runner.py:54} INFO - Started process 2225 to run task
[2022-11-12T05:36:21.911+0000] {standard_task_runner.py:82} INFO - Running: ['***', 'tasks', 'run', 'xcom_dag', 'xcom_task1', 'manual__2022-11-12T05:36:15.054832+00:00', '--job-id', '27', '--raw', '--subdir', 'DAGS_FOLDER/xcom_dag.py', '--cfg-path', '/tmp/tmp1wqwjslc']
[2022-11-12T05:36:21.928+0000] {standard_task_runner.py:83} INFO - Job 27: Subtask xcom_task1
[2022-11-12T05:36:21.933+0000] {dagbag.py:525} INFO - Filling up the DagBag from /opt/***/dags/xcom_dag.py
[2022-11-12T05:36:22.352+0000] {task_command.py:384} INFO - Running <TaskInstance: xcom_dag.xcom_task1 manual__2022-11-12T05:36:15.054832+00:00 [running]> on host 4e1173cf24e4
[2022-11-12T05:36:22.710+0000] {taskinstance.py:1592} INFO - Exporting the following env vars:
AIRFLOW_CTX_DAG_OWNER=***
AIRFLOW_CTX_DAG_ID=xcom_dag
AIRFLOW_CTX_TASK_ID=xcom_task1
AIRFLOW_CTX_EXECUTION_DATE=2022-11-12T05:36:15.054832+00:00
AIRFLOW_CTX_TRY_NUMBER=1
AIRFLOW_CTX_DAG_RUN_ID=manual__2022-11-12T05:36:15.054832+00:00
[2022-11-12T05:36:22.715+0000] {python.py:177} INFO - Done. Returned value was: Yusuf
[2022-11-12T05:36:22.845+0000] {taskinstance.py:1406} INFO - Marking task as SUCCESS. dag_id=xcom_dag, task_id=xcom_task1, execution_date=20221112T053615, start_date=20221112T053621, end_date=20221112T053622
[2022-11-12T05:36:22.983+0000] {local_task_job.py:164} INFO - Task exited with return code 0
[2022-11-12T05:36:23.243+0000] {local_task_job.py:273} INFO - 1 downstream tasks scheduled from follow-on schedule check
