[2022-11-12T05:05:23.402+0000] {taskinstance.py:1165} INFO - Dependencies all met for <TaskInstance: python_dag.python_task1 manual__2022-11-12T05:05:20.238374+00:00 [queued]>
[2022-11-12T05:05:23.438+0000] {taskinstance.py:1165} INFO - Dependencies all met for <TaskInstance: python_dag.python_task1 manual__2022-11-12T05:05:20.238374+00:00 [queued]>
[2022-11-12T05:05:23.439+0000] {taskinstance.py:1362} INFO - 
--------------------------------------------------------------------------------
[2022-11-12T05:05:23.440+0000] {taskinstance.py:1363} INFO - Starting attempt 1 of 1
[2022-11-12T05:05:23.442+0000] {taskinstance.py:1364} INFO - 
--------------------------------------------------------------------------------
[2022-11-12T05:05:23.497+0000] {taskinstance.py:1383} INFO - Executing <Task(PythonOperator): python_task1> on 2022-11-12 05:05:20.238374+00:00
[2022-11-12T05:05:23.511+0000] {standard_task_runner.py:54} INFO - Started process 992 to run task
[2022-11-12T05:05:23.529+0000] {standard_task_runner.py:82} INFO - Running: ['***', 'tasks', 'run', 'python_dag', 'python_task1', 'manual__2022-11-12T05:05:20.238374+00:00', '--job-id', '14', '--raw', '--subdir', 'DAGS_FOLDER/python_operator.py', '--cfg-path', '/tmp/tmplw6ag865']
[2022-11-12T05:05:23.531+0000] {standard_task_runner.py:83} INFO - Job 14: Subtask python_task1
[2022-11-12T05:05:23.546+0000] {dagbag.py:525} INFO - Filling up the DagBag from /opt/***/dags/python_operator.py
[2022-11-12T05:05:23.746+0000] {task_command.py:384} INFO - Running <TaskInstance: python_dag.python_task1 manual__2022-11-12T05:05:20.238374+00:00 [running]> on host 4e1173cf24e4
[2022-11-12T05:05:23.942+0000] {taskinstance.py:1592} INFO - Exporting the following env vars:
AIRFLOW_CTX_DAG_OWNER=***
AIRFLOW_CTX_DAG_ID=python_dag
AIRFLOW_CTX_TASK_ID=python_task1
AIRFLOW_CTX_EXECUTION_DATE=2022-11-12T05:05:20.238374+00:00
AIRFLOW_CTX_TRY_NUMBER=1
AIRFLOW_CTX_DAG_RUN_ID=manual__2022-11-12T05:05:20.238374+00:00
[2022-11-12T05:05:23.948+0000] {logging_mixin.py:117} INFO - Hello from my_func
[2022-11-12T05:05:23.949+0000] {python.py:177} INFO - Done. Returned value was: None
[2022-11-12T05:05:23.973+0000] {taskinstance.py:1406} INFO - Marking task as SUCCESS. dag_id=python_dag, task_id=python_task1, execution_date=20221112T050520, start_date=20221112T050523, end_date=20221112T050523
[2022-11-12T05:05:24.103+0000] {local_task_job.py:164} INFO - Task exited with return code 0
[2022-11-12T05:05:24.239+0000] {local_task_job.py:273} INFO - 0 downstream tasks scheduled from follow-on schedule check
