[2022-11-12T06:29:55.669+0000] {taskinstance.py:1165} INFO - Dependencies all met for <TaskInstance: task_dag.get_name manual__2022-11-12T06:29:50.523552+00:00 [queued]>
[2022-11-12T06:29:55.732+0000] {taskinstance.py:1165} INFO - Dependencies all met for <TaskInstance: task_dag.get_name manual__2022-11-12T06:29:50.523552+00:00 [queued]>
[2022-11-12T06:29:55.734+0000] {taskinstance.py:1362} INFO - 
--------------------------------------------------------------------------------
[2022-11-12T06:29:55.750+0000] {taskinstance.py:1363} INFO - Starting attempt 1 of 1
[2022-11-12T06:29:55.751+0000] {taskinstance.py:1364} INFO - 
--------------------------------------------------------------------------------
[2022-11-12T06:29:55.892+0000] {taskinstance.py:1383} INFO - Executing <Task(_PythonDecoratedOperator): get_name> on 2022-11-12 06:29:50.523552+00:00
[2022-11-12T06:29:55.935+0000] {standard_task_runner.py:54} INFO - Started process 4221 to run task
[2022-11-12T06:29:56.001+0000] {standard_task_runner.py:82} INFO - Running: ['***', 'tasks', 'run', 'task_dag', 'get_name', 'manual__2022-11-12T06:29:50.523552+00:00', '--job-id', '35', '--raw', '--subdir', 'DAGS_FOLDER/task_dag.py', '--cfg-path', '/tmp/tmpx2xo7d58']
[2022-11-12T06:29:56.010+0000] {standard_task_runner.py:83} INFO - Job 35: Subtask get_name
[2022-11-12T06:29:56.029+0000] {dagbag.py:525} INFO - Filling up the DagBag from /opt/***/dags/task_dag.py
[2022-11-12T06:29:56.204+0000] {taskmixin.py:205} WARNING - Dependency <Task(_PythonDecoratedOperator): get_name>, greet already registered for DAG: task_dag
[2022-11-12T06:29:56.207+0000] {taskmixin.py:205} WARNING - Dependency <Task(_PythonDecoratedOperator): greet>, get_name already registered for DAG: task_dag
[2022-11-12T06:29:56.211+0000] {taskmixin.py:205} WARNING - Dependency <Task(_PythonDecoratedOperator): get_age>, greet already registered for DAG: task_dag
[2022-11-12T06:29:56.216+0000] {taskmixin.py:205} WARNING - Dependency <Task(_PythonDecoratedOperator): greet>, get_age already registered for DAG: task_dag
[2022-11-12T06:29:56.218+0000] {taskmixin.py:205} WARNING - Dependency <Task(_PythonDecoratedOperator): get_name>, greet already registered for DAG: task_dag
[2022-11-12T06:29:56.219+0000] {taskmixin.py:205} WARNING - Dependency <Task(_PythonDecoratedOperator): greet>, get_name already registered for DAG: task_dag
[2022-11-12T06:29:56.221+0000] {taskmixin.py:205} WARNING - Dependency <Task(_PythonDecoratedOperator): get_age>, greet already registered for DAG: task_dag
[2022-11-12T06:29:56.223+0000] {taskmixin.py:205} WARNING - Dependency <Task(_PythonDecoratedOperator): greet>, get_age already registered for DAG: task_dag
[2022-11-12T06:29:56.225+0000] {taskmixin.py:205} WARNING - Dependency <Task(_PythonDecoratedOperator): get_name>, greet already registered for DAG: task_dag
[2022-11-12T06:29:56.227+0000] {taskmixin.py:205} WARNING - Dependency <Task(_PythonDecoratedOperator): greet>, get_name already registered for DAG: task_dag
[2022-11-12T06:29:56.228+0000] {taskmixin.py:205} WARNING - Dependency <Task(_PythonDecoratedOperator): get_age>, greet already registered for DAG: task_dag
[2022-11-12T06:29:56.230+0000] {taskmixin.py:205} WARNING - Dependency <Task(_PythonDecoratedOperator): greet>, get_age already registered for DAG: task_dag
[2022-11-12T06:29:56.232+0000] {taskmixin.py:205} WARNING - Dependency <Task(_PythonDecoratedOperator): get_name>, greet already registered for DAG: task_dag
[2022-11-12T06:29:56.233+0000] {taskmixin.py:205} WARNING - Dependency <Task(_PythonDecoratedOperator): greet>, get_name already registered for DAG: task_dag
[2022-11-12T06:29:56.236+0000] {taskmixin.py:205} WARNING - Dependency <Task(_PythonDecoratedOperator): get_age>, greet already registered for DAG: task_dag
[2022-11-12T06:29:56.239+0000] {taskmixin.py:205} WARNING - Dependency <Task(_PythonDecoratedOperator): greet>, get_age already registered for DAG: task_dag
[2022-11-12T06:29:56.241+0000] {taskmixin.py:205} WARNING - Dependency <Task(_PythonDecoratedOperator): get_name>, greet already registered for DAG: task_dag
[2022-11-12T06:29:56.243+0000] {taskmixin.py:205} WARNING - Dependency <Task(_PythonDecoratedOperator): greet>, get_name already registered for DAG: task_dag
[2022-11-12T06:29:56.245+0000] {taskmixin.py:205} WARNING - Dependency <Task(_PythonDecoratedOperator): get_age>, greet already registered for DAG: task_dag
[2022-11-12T06:29:56.246+0000] {taskmixin.py:205} WARNING - Dependency <Task(_PythonDecoratedOperator): greet>, get_age already registered for DAG: task_dag
[2022-11-12T06:29:56.487+0000] {task_command.py:384} INFO - Running <TaskInstance: task_dag.get_name manual__2022-11-12T06:29:50.523552+00:00 [running]> on host 4e1173cf24e4
[2022-11-12T06:29:56.775+0000] {taskinstance.py:1592} INFO - Exporting the following env vars:
AIRFLOW_CTX_DAG_OWNER=***
AIRFLOW_CTX_DAG_ID=task_dag
AIRFLOW_CTX_TASK_ID=get_name
AIRFLOW_CTX_EXECUTION_DATE=2022-11-12T06:29:50.523552+00:00
AIRFLOW_CTX_TRY_NUMBER=1
AIRFLOW_CTX_DAG_RUN_ID=manual__2022-11-12T06:29:50.523552+00:00
[2022-11-12T06:29:56.777+0000] {python.py:177} INFO - Done. Returned value was: yusuf
[2022-11-12T06:29:56.844+0000] {taskinstance.py:1406} INFO - Marking task as SUCCESS. dag_id=task_dag, task_id=get_name, execution_date=20221112T062950, start_date=20221112T062955, end_date=20221112T062956
[2022-11-12T06:29:56.918+0000] {local_task_job.py:164} INFO - Task exited with return code 0
[2022-11-12T06:29:56.988+0000] {local_task_job.py:273} INFO - 0 downstream tasks scheduled from follow-on schedule check
