[2022-11-12T05:36:31.189+0000] {taskinstance.py:1165} INFO - Dependencies all met for <TaskInstance: xcom_dag.xcom_task4 manual__2022-11-12T05:36:15.054832+00:00 [queued]>
[2022-11-12T05:36:31.587+0000] {taskinstance.py:1165} INFO - Dependencies all met for <TaskInstance: xcom_dag.xcom_task4 manual__2022-11-12T05:36:15.054832+00:00 [queued]>
[2022-11-12T05:36:31.597+0000] {taskinstance.py:1362} INFO - 
--------------------------------------------------------------------------------
[2022-11-12T05:36:31.601+0000] {taskinstance.py:1363} INFO - Starting attempt 1 of 1
[2022-11-12T05:36:31.604+0000] {taskinstance.py:1364} INFO - 
--------------------------------------------------------------------------------
[2022-11-12T05:36:32.460+0000] {taskinstance.py:1383} INFO - Executing <Task(PythonOperator): xcom_task4> on 2022-11-12 05:36:15.054832+00:00
[2022-11-12T05:36:32.695+0000] {standard_task_runner.py:54} INFO - Started process 2235 to run task
[2022-11-12T05:36:32.767+0000] {standard_task_runner.py:82} INFO - Running: ['***', 'tasks', 'run', 'xcom_dag', 'xcom_task4', 'manual__2022-11-12T05:36:15.054832+00:00', '--job-id', '29', '--raw', '--subdir', 'DAGS_FOLDER/xcom_dag.py', '--cfg-path', '/tmp/tmp5rfxns8a']
[2022-11-12T05:36:32.783+0000] {standard_task_runner.py:83} INFO - Job 29: Subtask xcom_task4
[2022-11-12T05:36:32.787+0000] {dagbag.py:525} INFO - Filling up the DagBag from /opt/***/dags/xcom_dag.py
[2022-11-12T05:36:35.147+0000] {task_command.py:384} INFO - Running <TaskInstance: xcom_dag.xcom_task4 manual__2022-11-12T05:36:15.054832+00:00 [running]> on host 4e1173cf24e4
[2022-11-12T05:36:36.456+0000] {taskinstance.py:1592} INFO - Exporting the following env vars:
AIRFLOW_CTX_DAG_OWNER=***
AIRFLOW_CTX_DAG_ID=xcom_dag
AIRFLOW_CTX_TASK_ID=xcom_task4
AIRFLOW_CTX_EXECUTION_DATE=2022-11-12T05:36:15.054832+00:00
AIRFLOW_CTX_TRY_NUMBER=1
AIRFLOW_CTX_DAG_RUN_ID=manual__2022-11-12T05:36:15.054832+00:00
[2022-11-12T05:36:37.074+0000] {logging_mixin.py:117} INFO - Hello world I am Yusuf ,Yusuf 24
[2022-11-12T05:36:37.080+0000] {python.py:177} INFO - Done. Returned value was: None
[2022-11-12T05:36:37.368+0000] {taskinstance.py:1406} INFO - Marking task as SUCCESS. dag_id=xcom_dag, task_id=xcom_task4, execution_date=20221112T053615, start_date=20221112T053631, end_date=20221112T053637
[2022-11-12T05:36:38.334+0000] {local_task_job.py:164} INFO - Task exited with return code 0
[2022-11-12T05:36:38.935+0000] {local_task_job.py:273} INFO - 0 downstream tasks scheduled from follow-on schedule check
