[2022-11-12T06:30:00.120+0000] {taskinstance.py:1165} INFO - Dependencies all met for <TaskInstance: task_dag.greet manual__2022-11-12T06:29:50.523552+00:00 [queued]>
[2022-11-12T06:30:00.148+0000] {taskinstance.py:1165} INFO - Dependencies all met for <TaskInstance: task_dag.greet manual__2022-11-12T06:29:50.523552+00:00 [queued]>
[2022-11-12T06:30:00.149+0000] {taskinstance.py:1362} INFO - 
--------------------------------------------------------------------------------
[2022-11-12T06:30:00.150+0000] {taskinstance.py:1363} INFO - Starting attempt 1 of 1
[2022-11-12T06:30:00.152+0000] {taskinstance.py:1364} INFO - 
--------------------------------------------------------------------------------
[2022-11-12T06:30:00.191+0000] {taskinstance.py:1383} INFO - Executing <Task(_PythonDecoratedOperator): greet> on 2022-11-12 06:29:50.523552+00:00
[2022-11-12T06:30:00.203+0000] {standard_task_runner.py:54} INFO - Started process 4224 to run task
[2022-11-12T06:30:00.215+0000] {standard_task_runner.py:82} INFO - Running: ['***', 'tasks', 'run', 'task_dag', 'greet', 'manual__2022-11-12T06:29:50.523552+00:00', '--job-id', '37', '--raw', '--subdir', 'DAGS_FOLDER/task_dag.py', '--cfg-path', '/tmp/tmpuo99f9ft']
[2022-11-12T06:30:00.217+0000] {standard_task_runner.py:83} INFO - Job 37: Subtask greet
[2022-11-12T06:30:00.233+0000] {dagbag.py:525} INFO - Filling up the DagBag from /opt/***/dags/task_dag.py
[2022-11-12T06:30:00.286+0000] {taskmixin.py:205} WARNING - Dependency <Task(_PythonDecoratedOperator): get_name>, greet already registered for DAG: task_dag
[2022-11-12T06:30:00.290+0000] {taskmixin.py:205} WARNING - Dependency <Task(_PythonDecoratedOperator): greet>, get_name already registered for DAG: task_dag
[2022-11-12T06:30:00.291+0000] {taskmixin.py:205} WARNING - Dependency <Task(_PythonDecoratedOperator): get_age>, greet already registered for DAG: task_dag
[2022-11-12T06:30:00.292+0000] {taskmixin.py:205} WARNING - Dependency <Task(_PythonDecoratedOperator): greet>, get_age already registered for DAG: task_dag
[2022-11-12T06:30:00.294+0000] {taskmixin.py:205} WARNING - Dependency <Task(_PythonDecoratedOperator): get_name>, greet already registered for DAG: task_dag
[2022-11-12T06:30:00.296+0000] {taskmixin.py:205} WARNING - Dependency <Task(_PythonDecoratedOperator): greet>, get_name already registered for DAG: task_dag
[2022-11-12T06:30:00.297+0000] {taskmixin.py:205} WARNING - Dependency <Task(_PythonDecoratedOperator): get_age>, greet already registered for DAG: task_dag
[2022-11-12T06:30:00.299+0000] {taskmixin.py:205} WARNING - Dependency <Task(_PythonDecoratedOperator): greet>, get_age already registered for DAG: task_dag
[2022-11-12T06:30:00.300+0000] {taskmixin.py:205} WARNING - Dependency <Task(_PythonDecoratedOperator): get_name>, greet already registered for DAG: task_dag
[2022-11-12T06:30:00.302+0000] {taskmixin.py:205} WARNING - Dependency <Task(_PythonDecoratedOperator): greet>, get_name already registered for DAG: task_dag
[2022-11-12T06:30:00.304+0000] {taskmixin.py:205} WARNING - Dependency <Task(_PythonDecoratedOperator): get_age>, greet already registered for DAG: task_dag
[2022-11-12T06:30:00.306+0000] {taskmixin.py:205} WARNING - Dependency <Task(_PythonDecoratedOperator): greet>, get_age already registered for DAG: task_dag
[2022-11-12T06:30:00.308+0000] {taskmixin.py:205} WARNING - Dependency <Task(_PythonDecoratedOperator): get_name>, greet already registered for DAG: task_dag
[2022-11-12T06:30:00.309+0000] {taskmixin.py:205} WARNING - Dependency <Task(_PythonDecoratedOperator): greet>, get_name already registered for DAG: task_dag
[2022-11-12T06:30:00.311+0000] {taskmixin.py:205} WARNING - Dependency <Task(_PythonDecoratedOperator): get_age>, greet already registered for DAG: task_dag
[2022-11-12T06:30:00.313+0000] {taskmixin.py:205} WARNING - Dependency <Task(_PythonDecoratedOperator): greet>, get_age already registered for DAG: task_dag
[2022-11-12T06:30:00.314+0000] {taskmixin.py:205} WARNING - Dependency <Task(_PythonDecoratedOperator): get_name>, greet already registered for DAG: task_dag
[2022-11-12T06:30:00.315+0000] {taskmixin.py:205} WARNING - Dependency <Task(_PythonDecoratedOperator): greet>, get_name already registered for DAG: task_dag
[2022-11-12T06:30:00.317+0000] {taskmixin.py:205} WARNING - Dependency <Task(_PythonDecoratedOperator): get_age>, greet already registered for DAG: task_dag
[2022-11-12T06:30:00.319+0000] {taskmixin.py:205} WARNING - Dependency <Task(_PythonDecoratedOperator): greet>, get_age already registered for DAG: task_dag
[2022-11-12T06:30:00.486+0000] {task_command.py:384} INFO - Running <TaskInstance: task_dag.greet manual__2022-11-12T06:29:50.523552+00:00 [running]> on host 4e1173cf24e4
[2022-11-12T06:30:00.749+0000] {taskinstance.py:1592} INFO - Exporting the following env vars:
AIRFLOW_CTX_DAG_OWNER=***
AIRFLOW_CTX_DAG_ID=task_dag
AIRFLOW_CTX_TASK_ID=greet
AIRFLOW_CTX_EXECUTION_DATE=2022-11-12T06:29:50.523552+00:00
AIRFLOW_CTX_TRY_NUMBER=1
AIRFLOW_CTX_DAG_RUN_ID=manual__2022-11-12T06:29:50.523552+00:00
[2022-11-12T06:30:00.752+0000] {logging_mixin.py:117} INFO - Hello world I am yusuf 24
[2022-11-12T06:30:00.753+0000] {python.py:177} INFO - Done. Returned value was: None
[2022-11-12T06:30:00.778+0000] {taskinstance.py:1406} INFO - Marking task as SUCCESS. dag_id=task_dag, task_id=greet, execution_date=20221112T062950, start_date=20221112T063000, end_date=20221112T063000
[2022-11-12T06:30:00.869+0000] {local_task_job.py:164} INFO - Task exited with return code 0
[2022-11-12T06:30:00.932+0000] {local_task_job.py:273} INFO - 0 downstream tasks scheduled from follow-on schedule check
