[2022-11-12T05:06:44.101+0000] {taskinstance.py:1165} INFO - Dependencies all met for <TaskInstance: python_dag.python_task2 manual__2022-11-12T05:06:39.246320+00:00 [queued]>
[2022-11-12T05:06:44.131+0000] {taskinstance.py:1165} INFO - Dependencies all met for <TaskInstance: python_dag.python_task2 manual__2022-11-12T05:06:39.246320+00:00 [queued]>
[2022-11-12T05:06:44.132+0000] {taskinstance.py:1362} INFO - 
--------------------------------------------------------------------------------
[2022-11-12T05:06:44.134+0000] {taskinstance.py:1363} INFO - Starting attempt 1 of 1
[2022-11-12T05:06:44.135+0000] {taskinstance.py:1364} INFO - 
--------------------------------------------------------------------------------
[2022-11-12T05:06:44.180+0000] {taskinstance.py:1383} INFO - Executing <Task(PythonOperator): python_task2> on 2022-11-12 05:06:39.246320+00:00
[2022-11-12T05:06:44.193+0000] {standard_task_runner.py:54} INFO - Started process 1055 to run task
[2022-11-12T05:06:44.213+0000] {standard_task_runner.py:82} INFO - Running: ['***', 'tasks', 'run', 'python_dag', 'python_task2', 'manual__2022-11-12T05:06:39.246320+00:00', '--job-id', '17', '--raw', '--subdir', 'DAGS_FOLDER/python_operator.py', '--cfg-path', '/tmp/tmpk8yj7iu3']
[2022-11-12T05:06:44.216+0000] {standard_task_runner.py:83} INFO - Job 17: Subtask python_task2
[2022-11-12T05:06:44.219+0000] {dagbag.py:525} INFO - Filling up the DagBag from /opt/***/dags/python_operator.py
[2022-11-12T05:06:44.505+0000] {task_command.py:384} INFO - Running <TaskInstance: python_dag.python_task2 manual__2022-11-12T05:06:39.246320+00:00 [running]> on host 4e1173cf24e4
[2022-11-12T05:06:44.696+0000] {taskinstance.py:1592} INFO - Exporting the following env vars:
AIRFLOW_CTX_DAG_OWNER=***
AIRFLOW_CTX_DAG_ID=python_dag
AIRFLOW_CTX_TASK_ID=python_task2
AIRFLOW_CTX_EXECUTION_DATE=2022-11-12T05:06:39.246320+00:00
AIRFLOW_CTX_TRY_NUMBER=1
AIRFLOW_CTX_DAG_RUN_ID=manual__2022-11-12T05:06:39.246320+00:00
[2022-11-12T05:06:44.699+0000] {logging_mixin.py:117} INFO - Hello from my_func2********
[2022-11-12T05:06:44.702+0000] {python.py:177} INFO - Done. Returned value was: None
[2022-11-12T05:06:44.729+0000] {taskinstance.py:1406} INFO - Marking task as SUCCESS. dag_id=python_dag, task_id=python_task2, execution_date=20221112T050639, start_date=20221112T050644, end_date=20221112T050644
[2022-11-12T05:06:44.818+0000] {local_task_job.py:164} INFO - Task exited with return code 0
[2022-11-12T05:06:44.886+0000] {local_task_job.py:273} INFO - 0 downstream tasks scheduled from follow-on schedule check
