[2022-11-12T05:05:02.191+0000] {taskinstance.py:1165} INFO - Dependencies all met for <TaskInstance: python_dag.python_task1 scheduled__2022-11-12T05:00:00+00:00 [queued]>
[2022-11-12T05:05:02.214+0000] {taskinstance.py:1165} INFO - Dependencies all met for <TaskInstance: python_dag.python_task1 scheduled__2022-11-12T05:00:00+00:00 [queued]>
[2022-11-12T05:05:02.215+0000] {taskinstance.py:1362} INFO - 
--------------------------------------------------------------------------------
[2022-11-12T05:05:02.216+0000] {taskinstance.py:1363} INFO - Starting attempt 1 of 1
[2022-11-12T05:05:02.217+0000] {taskinstance.py:1364} INFO - 
--------------------------------------------------------------------------------
[2022-11-12T05:05:02.258+0000] {taskinstance.py:1383} INFO - Executing <Task(PythonOperator): python_task1> on 2022-11-12 05:00:00+00:00
[2022-11-12T05:05:02.272+0000] {standard_task_runner.py:54} INFO - Started process 979 to run task
[2022-11-12T05:05:02.283+0000] {standard_task_runner.py:82} INFO - Running: ['***', 'tasks', 'run', 'python_dag', 'python_task1', 'scheduled__2022-11-12T05:00:00+00:00', '--job-id', '12', '--raw', '--subdir', 'DAGS_FOLDER/python_operator.py', '--cfg-path', '/tmp/tmp418_9pyf']
[2022-11-12T05:05:02.285+0000] {standard_task_runner.py:83} INFO - Job 12: Subtask python_task1
[2022-11-12T05:05:02.288+0000] {dagbag.py:525} INFO - Filling up the DagBag from /opt/***/dags/python_operator.py
[2022-11-12T05:05:02.467+0000] {task_command.py:384} INFO - Running <TaskInstance: python_dag.python_task1 scheduled__2022-11-12T05:00:00+00:00 [running]> on host 4e1173cf24e4
[2022-11-12T05:05:02.588+0000] {taskinstance.py:1592} INFO - Exporting the following env vars:
AIRFLOW_CTX_DAG_OWNER=***
AIRFLOW_CTX_DAG_ID=python_dag
AIRFLOW_CTX_TASK_ID=python_task1
AIRFLOW_CTX_EXECUTION_DATE=2022-11-12T05:00:00+00:00
AIRFLOW_CTX_TRY_NUMBER=1
AIRFLOW_CTX_DAG_RUN_ID=scheduled__2022-11-12T05:00:00+00:00
[2022-11-12T05:05:02.592+0000] {logging_mixin.py:117} INFO - Hello from my_func
[2022-11-12T05:05:02.595+0000] {python.py:177} INFO - Done. Returned value was: None
[2022-11-12T05:05:02.613+0000] {taskinstance.py:1406} INFO - Marking task as SUCCESS. dag_id=python_dag, task_id=python_task1, execution_date=20221112T050000, start_date=20221112T050502, end_date=20221112T050502
[2022-11-12T05:05:02.655+0000] {local_task_job.py:164} INFO - Task exited with return code 0
[2022-11-12T05:05:02.694+0000] {local_task_job.py:273} INFO - 1 downstream tasks scheduled from follow-on schedule check
