[2022-11-12T05:00:01.369+0000] {taskinstance.py:1165} INFO - Dependencies all met for <TaskInstance: python_dag.python_task1 scheduled__2022-11-12T04:55:00+00:00 [queued]>
[2022-11-12T05:00:01.399+0000] {taskinstance.py:1165} INFO - Dependencies all met for <TaskInstance: python_dag.python_task1 scheduled__2022-11-12T04:55:00+00:00 [queued]>
[2022-11-12T05:00:01.402+0000] {taskinstance.py:1362} INFO - 
--------------------------------------------------------------------------------
[2022-11-12T05:00:01.403+0000] {taskinstance.py:1363} INFO - Starting attempt 1 of 1
[2022-11-12T05:00:01.405+0000] {taskinstance.py:1364} INFO - 
--------------------------------------------------------------------------------
[2022-11-12T05:00:01.445+0000] {taskinstance.py:1383} INFO - Executing <Task(PythonOperator): python_task1> on 2022-11-12 04:55:00+00:00
[2022-11-12T05:00:01.456+0000] {standard_task_runner.py:54} INFO - Started process 767 to run task
[2022-11-12T05:00:01.468+0000] {standard_task_runner.py:82} INFO - Running: ['***', 'tasks', 'run', 'python_dag', 'python_task1', 'scheduled__2022-11-12T04:55:00+00:00', '--job-id', '10', '--raw', '--subdir', 'DAGS_FOLDER/python_operator.py', '--cfg-path', '/tmp/tmp06sn8irt']
[2022-11-12T05:00:01.471+0000] {standard_task_runner.py:83} INFO - Job 10: Subtask python_task1
[2022-11-12T05:00:01.474+0000] {dagbag.py:525} INFO - Filling up the DagBag from /opt/***/dags/python_operator.py
[2022-11-12T05:00:01.845+0000] {task_command.py:384} INFO - Running <TaskInstance: python_dag.python_task1 scheduled__2022-11-12T04:55:00+00:00 [running]> on host 4e1173cf24e4
[2022-11-12T05:00:02.103+0000] {taskinstance.py:1592} INFO - Exporting the following env vars:
AIRFLOW_CTX_DAG_OWNER=***
AIRFLOW_CTX_DAG_ID=python_dag
AIRFLOW_CTX_TASK_ID=python_task1
AIRFLOW_CTX_EXECUTION_DATE=2022-11-12T04:55:00+00:00
AIRFLOW_CTX_TRY_NUMBER=1
AIRFLOW_CTX_DAG_RUN_ID=scheduled__2022-11-12T04:55:00+00:00
[2022-11-12T05:00:02.109+0000] {logging_mixin.py:117} INFO - Hello from my_func
[2022-11-12T05:00:02.111+0000] {python.py:177} INFO - Done. Returned value was: None
[2022-11-12T05:00:02.139+0000] {taskinstance.py:1406} INFO - Marking task as SUCCESS. dag_id=python_dag, task_id=python_task1, execution_date=20221112T045500, start_date=20221112T050001, end_date=20221112T050002
[2022-11-12T05:00:02.218+0000] {local_task_job.py:164} INFO - Task exited with return code 0
[2022-11-12T05:00:02.360+0000] {local_task_job.py:273} INFO - 1 downstream tasks scheduled from follow-on schedule check
