[2022-11-12T06:36:19.019+0000] {taskinstance.py:1165} INFO - Dependencies all met for <TaskInstance: task_dag.greet manual__2022-11-12T06:35:57.515445+00:00 [queued]>
[2022-11-12T06:36:19.070+0000] {taskinstance.py:1165} INFO - Dependencies all met for <TaskInstance: task_dag.greet manual__2022-11-12T06:35:57.515445+00:00 [queued]>
[2022-11-12T06:36:19.072+0000] {taskinstance.py:1362} INFO - 
--------------------------------------------------------------------------------
[2022-11-12T06:36:19.074+0000] {taskinstance.py:1363} INFO - Starting attempt 1 of 1
[2022-11-12T06:36:19.080+0000] {taskinstance.py:1364} INFO - 
--------------------------------------------------------------------------------
[2022-11-12T06:36:19.200+0000] {taskinstance.py:1383} INFO - Executing <Task(_PythonDecoratedOperator): greet> on 2022-11-12 06:35:57.515445+00:00
[2022-11-12T06:36:19.238+0000] {standard_task_runner.py:54} INFO - Started process 4469 to run task
[2022-11-12T06:36:19.289+0000] {standard_task_runner.py:82} INFO - Running: ['***', 'tasks', 'run', 'task_dag', 'greet', 'manual__2022-11-12T06:35:57.515445+00:00', '--job-id', '40', '--raw', '--subdir', 'DAGS_FOLDER/task_dag.py', '--cfg-path', '/tmp/tmpsvionbq4']
[2022-11-12T06:36:19.301+0000] {standard_task_runner.py:83} INFO - Job 40: Subtask greet
[2022-11-12T06:36:19.316+0000] {dagbag.py:525} INFO - Filling up the DagBag from /opt/***/dags/task_dag.py
[2022-11-12T06:36:19.780+0000] {taskmixin.py:205} WARNING - Dependency <Task(_PythonDecoratedOperator): get_name>, greet already registered for DAG: task_dag
[2022-11-12T06:36:19.786+0000] {taskmixin.py:205} WARNING - Dependency <Task(_PythonDecoratedOperator): greet>, get_name already registered for DAG: task_dag
[2022-11-12T06:36:19.788+0000] {taskmixin.py:205} WARNING - Dependency <Task(_PythonDecoratedOperator): get_name>, greet already registered for DAG: task_dag
[2022-11-12T06:36:19.789+0000] {taskmixin.py:205} WARNING - Dependency <Task(_PythonDecoratedOperator): greet>, get_name already registered for DAG: task_dag
[2022-11-12T06:36:19.793+0000] {taskmixin.py:205} WARNING - Dependency <Task(_PythonDecoratedOperator): get_name>, greet already registered for DAG: task_dag
[2022-11-12T06:36:19.804+0000] {taskmixin.py:205} WARNING - Dependency <Task(_PythonDecoratedOperator): greet>, get_name already registered for DAG: task_dag
[2022-11-12T06:36:19.806+0000] {taskmixin.py:205} WARNING - Dependency <Task(_PythonDecoratedOperator): get_age>, greet already registered for DAG: task_dag
[2022-11-12T06:36:19.813+0000] {taskmixin.py:205} WARNING - Dependency <Task(_PythonDecoratedOperator): greet>, get_age already registered for DAG: task_dag
[2022-11-12T06:36:19.816+0000] {taskmixin.py:205} WARNING - Dependency <Task(_PythonDecoratedOperator): get_name>, greet already registered for DAG: task_dag
[2022-11-12T06:36:19.817+0000] {taskmixin.py:205} WARNING - Dependency <Task(_PythonDecoratedOperator): greet>, get_name already registered for DAG: task_dag
[2022-11-12T06:36:19.818+0000] {taskmixin.py:205} WARNING - Dependency <Task(_PythonDecoratedOperator): get_name>, greet already registered for DAG: task_dag
[2022-11-12T06:36:19.819+0000] {taskmixin.py:205} WARNING - Dependency <Task(_PythonDecoratedOperator): greet>, get_name already registered for DAG: task_dag
[2022-11-12T06:36:19.832+0000] {taskmixin.py:205} WARNING - Dependency <Task(_PythonDecoratedOperator): get_age>, greet already registered for DAG: task_dag
[2022-11-12T06:36:19.840+0000] {taskmixin.py:205} WARNING - Dependency <Task(_PythonDecoratedOperator): greet>, get_age already registered for DAG: task_dag
[2022-11-12T06:36:19.865+0000] {taskmixin.py:205} WARNING - Dependency <Task(_PythonDecoratedOperator): get_name>, greet already registered for DAG: task_dag
[2022-11-12T06:36:19.870+0000] {taskmixin.py:205} WARNING - Dependency <Task(_PythonDecoratedOperator): greet>, get_name already registered for DAG: task_dag
[2022-11-12T06:36:19.872+0000] {taskmixin.py:205} WARNING - Dependency <Task(_PythonDecoratedOperator): get_name>, greet already registered for DAG: task_dag
[2022-11-12T06:36:19.873+0000] {taskmixin.py:205} WARNING - Dependency <Task(_PythonDecoratedOperator): greet>, get_name already registered for DAG: task_dag
[2022-11-12T06:36:19.892+0000] {taskmixin.py:205} WARNING - Dependency <Task(_PythonDecoratedOperator): get_age>, greet already registered for DAG: task_dag
[2022-11-12T06:36:19.931+0000] {taskmixin.py:205} WARNING - Dependency <Task(_PythonDecoratedOperator): greet>, get_age already registered for DAG: task_dag
[2022-11-12T06:36:19.940+0000] {taskmixin.py:205} WARNING - Dependency <Task(_PythonDecoratedOperator): get_name>, greet already registered for DAG: task_dag
[2022-11-12T06:36:19.953+0000] {taskmixin.py:205} WARNING - Dependency <Task(_PythonDecoratedOperator): greet>, get_name already registered for DAG: task_dag
[2022-11-12T06:36:19.955+0000] {taskmixin.py:205} WARNING - Dependency <Task(_PythonDecoratedOperator): get_name>, greet already registered for DAG: task_dag
[2022-11-12T06:36:19.958+0000] {taskmixin.py:205} WARNING - Dependency <Task(_PythonDecoratedOperator): greet>, get_name already registered for DAG: task_dag
[2022-11-12T06:36:19.964+0000] {taskmixin.py:205} WARNING - Dependency <Task(_PythonDecoratedOperator): get_age>, greet already registered for DAG: task_dag
[2022-11-12T06:36:19.967+0000] {taskmixin.py:205} WARNING - Dependency <Task(_PythonDecoratedOperator): greet>, get_age already registered for DAG: task_dag
[2022-11-12T06:36:19.973+0000] {taskmixin.py:205} WARNING - Dependency <Task(_PythonDecoratedOperator): get_name>, greet already registered for DAG: task_dag
[2022-11-12T06:36:19.987+0000] {taskmixin.py:205} WARNING - Dependency <Task(_PythonDecoratedOperator): greet>, get_name already registered for DAG: task_dag
[2022-11-12T06:36:19.990+0000] {taskmixin.py:205} WARNING - Dependency <Task(_PythonDecoratedOperator): get_name>, greet already registered for DAG: task_dag
[2022-11-12T06:36:19.992+0000] {taskmixin.py:205} WARNING - Dependency <Task(_PythonDecoratedOperator): greet>, get_name already registered for DAG: task_dag
[2022-11-12T06:36:20.000+0000] {taskmixin.py:205} WARNING - Dependency <Task(_PythonDecoratedOperator): get_age>, greet already registered for DAG: task_dag
[2022-11-12T06:36:20.033+0000] {taskmixin.py:205} WARNING - Dependency <Task(_PythonDecoratedOperator): greet>, get_age already registered for DAG: task_dag
[2022-11-12T06:36:20.924+0000] {task_command.py:384} INFO - Running <TaskInstance: task_dag.greet manual__2022-11-12T06:35:57.515445+00:00 [running]> on host 4e1173cf24e4
[2022-11-12T06:36:21.888+0000] {taskinstance.py:1592} INFO - Exporting the following env vars:
AIRFLOW_CTX_DAG_OWNER=***
AIRFLOW_CTX_DAG_ID=task_dag
AIRFLOW_CTX_TASK_ID=greet
AIRFLOW_CTX_EXECUTION_DATE=2022-11-12T06:35:57.515445+00:00
AIRFLOW_CTX_TRY_NUMBER=1
AIRFLOW_CTX_DAG_RUN_ID=manual__2022-11-12T06:35:57.515445+00:00
[2022-11-12T06:36:21.891+0000] {logging_mixin.py:117} INFO - Hello world I am Yusuf Gzb 24
[2022-11-12T06:36:21.892+0000] {python.py:177} INFO - Done. Returned value was: None
[2022-11-12T06:36:22.064+0000] {taskinstance.py:1406} INFO - Marking task as SUCCESS. dag_id=task_dag, task_id=greet, execution_date=20221112T063557, start_date=20221112T063619, end_date=20221112T063622
[2022-11-12T06:36:22.373+0000] {local_task_job.py:164} INFO - Task exited with return code 0
[2022-11-12T06:36:23.029+0000] {local_task_job.py:273} INFO - 0 downstream tasks scheduled from follow-on schedule check
