[2022-11-12T05:05:04.413+0000] {taskinstance.py:1165} INFO - Dependencies all met for <TaskInstance: python_dag.python_task2 scheduled__2022-11-12T05:00:00+00:00 [queued]>
[2022-11-12T05:05:04.456+0000] {taskinstance.py:1165} INFO - Dependencies all met for <TaskInstance: python_dag.python_task2 scheduled__2022-11-12T05:00:00+00:00 [queued]>
[2022-11-12T05:05:04.459+0000] {taskinstance.py:1362} INFO - 
--------------------------------------------------------------------------------
[2022-11-12T05:05:04.461+0000] {taskinstance.py:1363} INFO - Starting attempt 1 of 1
[2022-11-12T05:05:04.464+0000] {taskinstance.py:1364} INFO - 
--------------------------------------------------------------------------------
[2022-11-12T05:05:04.506+0000] {taskinstance.py:1383} INFO - Executing <Task(PythonOperator): python_task2> on 2022-11-12 05:00:00+00:00
[2022-11-12T05:05:04.517+0000] {standard_task_runner.py:54} INFO - Started process 981 to run task
[2022-11-12T05:05:04.524+0000] {standard_task_runner.py:82} INFO - Running: ['***', 'tasks', 'run', 'python_dag', 'python_task2', 'scheduled__2022-11-12T05:00:00+00:00', '--job-id', '13', '--raw', '--subdir', 'DAGS_FOLDER/python_operator.py', '--cfg-path', '/tmp/tmpnjk0s9lt']
[2022-11-12T05:05:04.527+0000] {standard_task_runner.py:83} INFO - Job 13: Subtask python_task2
[2022-11-12T05:05:04.531+0000] {dagbag.py:525} INFO - Filling up the DagBag from /opt/***/dags/python_operator.py
[2022-11-12T05:05:04.734+0000] {task_command.py:384} INFO - Running <TaskInstance: python_dag.python_task2 scheduled__2022-11-12T05:00:00+00:00 [running]> on host 4e1173cf24e4
[2022-11-12T05:05:04.867+0000] {taskinstance.py:1592} INFO - Exporting the following env vars:
AIRFLOW_CTX_DAG_OWNER=***
AIRFLOW_CTX_DAG_ID=python_dag
AIRFLOW_CTX_TASK_ID=python_task2
AIRFLOW_CTX_EXECUTION_DATE=2022-11-12T05:00:00+00:00
AIRFLOW_CTX_TRY_NUMBER=1
AIRFLOW_CTX_DAG_RUN_ID=scheduled__2022-11-12T05:00:00+00:00
[2022-11-12T05:05:04.870+0000] {logging_mixin.py:117} INFO - Hello from my_func2
[2022-11-12T05:05:04.871+0000] {python.py:177} INFO - Done. Returned value was: None
[2022-11-12T05:05:04.889+0000] {taskinstance.py:1406} INFO - Marking task as SUCCESS. dag_id=python_dag, task_id=python_task2, execution_date=20221112T050000, start_date=20221112T050504, end_date=20221112T050504
[2022-11-12T05:05:04.954+0000] {local_task_job.py:164} INFO - Task exited with return code 0
[2022-11-12T05:05:05.023+0000] {local_task_job.py:273} INFO - 0 downstream tasks scheduled from follow-on schedule check
