[2022-11-12T05:28:52.712+0000] {taskinstance.py:1165} INFO - Dependencies all met for <TaskInstance: xcom_dag.xcom_task2 manual__2022-11-12T05:28:45.980884+00:00 [queued]>
[2022-11-12T05:28:52.853+0000] {taskinstance.py:1165} INFO - Dependencies all met for <TaskInstance: xcom_dag.xcom_task2 manual__2022-11-12T05:28:45.980884+00:00 [queued]>
[2022-11-12T05:28:52.880+0000] {taskinstance.py:1362} INFO - 
--------------------------------------------------------------------------------
[2022-11-12T05:28:52.881+0000] {taskinstance.py:1363} INFO - Starting attempt 1 of 1
[2022-11-12T05:28:52.883+0000] {taskinstance.py:1364} INFO - 
--------------------------------------------------------------------------------
[2022-11-12T05:28:53.097+0000] {taskinstance.py:1383} INFO - Executing <Task(PythonOperator): xcom_task2> on 2022-11-12 05:28:45.980884+00:00
[2022-11-12T05:28:53.132+0000] {standard_task_runner.py:54} INFO - Started process 1936 to run task
[2022-11-12T05:28:53.171+0000] {standard_task_runner.py:82} INFO - Running: ['***', 'tasks', 'run', 'xcom_dag', 'xcom_task2', 'manual__2022-11-12T05:28:45.980884+00:00', '--job-id', '26', '--raw', '--subdir', 'DAGS_FOLDER/xcom_dag.py', '--cfg-path', '/tmp/tmpgqdl70p8']
[2022-11-12T05:28:53.180+0000] {standard_task_runner.py:83} INFO - Job 26: Subtask xcom_task2
[2022-11-12T05:28:53.199+0000] {dagbag.py:525} INFO - Filling up the DagBag from /opt/***/dags/xcom_dag.py
[2022-11-12T05:28:53.977+0000] {task_command.py:384} INFO - Running <TaskInstance: xcom_dag.xcom_task2 manual__2022-11-12T05:28:45.980884+00:00 [running]> on host 4e1173cf24e4
[2022-11-12T05:28:55.681+0000] {taskinstance.py:1592} INFO - Exporting the following env vars:
AIRFLOW_CTX_DAG_OWNER=***
AIRFLOW_CTX_DAG_ID=xcom_dag
AIRFLOW_CTX_TASK_ID=xcom_task2
AIRFLOW_CTX_EXECUTION_DATE=2022-11-12T05:28:45.980884+00:00
AIRFLOW_CTX_TRY_NUMBER=1
AIRFLOW_CTX_DAG_RUN_ID=manual__2022-11-12T05:28:45.980884+00:00
[2022-11-12T05:28:55.747+0000] {logging_mixin.py:117} INFO - Hello world I am Yusuf 24
[2022-11-12T05:28:55.749+0000] {python.py:177} INFO - Done. Returned value was: None
[2022-11-12T05:28:55.783+0000] {taskinstance.py:1406} INFO - Marking task as SUCCESS. dag_id=xcom_dag, task_id=xcom_task2, execution_date=20221112T052845, start_date=20221112T052852, end_date=20221112T052855
[2022-11-12T05:28:56.024+0000] {local_task_job.py:164} INFO - Task exited with return code 0
[2022-11-12T05:28:56.188+0000] {local_task_job.py:273} INFO - 0 downstream tasks scheduled from follow-on schedule check
