[2022-11-12T06:29:56.024+0000] {taskinstance.py:1165} INFO - Dependencies all met for <TaskInstance: task_dag.get_age manual__2022-11-12T06:29:50.523552+00:00 [queued]>
[2022-11-12T06:29:56.114+0000] {taskinstance.py:1165} INFO - Dependencies all met for <TaskInstance: task_dag.get_age manual__2022-11-12T06:29:50.523552+00:00 [queued]>
[2022-11-12T06:29:56.118+0000] {taskinstance.py:1362} INFO - 
--------------------------------------------------------------------------------
[2022-11-12T06:29:56.119+0000] {taskinstance.py:1363} INFO - Starting attempt 1 of 1
[2022-11-12T06:29:56.126+0000] {taskinstance.py:1364} INFO - 
--------------------------------------------------------------------------------
[2022-11-12T06:29:56.249+0000] {taskinstance.py:1383} INFO - Executing <Task(_PythonDecoratedOperator): get_age> on 2022-11-12 06:29:50.523552+00:00
[2022-11-12T06:29:56.266+0000] {standard_task_runner.py:54} INFO - Started process 4222 to run task
[2022-11-12T06:29:56.293+0000] {standard_task_runner.py:82} INFO - Running: ['***', 'tasks', 'run', 'task_dag', 'get_age', 'manual__2022-11-12T06:29:50.523552+00:00', '--job-id', '36', '--raw', '--subdir', 'DAGS_FOLDER/task_dag.py', '--cfg-path', '/tmp/tmptexfe2dm']
[2022-11-12T06:29:56.295+0000] {standard_task_runner.py:83} INFO - Job 36: Subtask get_age
[2022-11-12T06:29:56.302+0000] {dagbag.py:525} INFO - Filling up the DagBag from /opt/***/dags/task_dag.py
[2022-11-12T06:29:56.397+0000] {taskmixin.py:205} WARNING - Dependency <Task(_PythonDecoratedOperator): get_name>, greet already registered for DAG: task_dag
[2022-11-12T06:29:56.398+0000] {taskmixin.py:205} WARNING - Dependency <Task(_PythonDecoratedOperator): greet>, get_name already registered for DAG: task_dag
[2022-11-12T06:29:56.399+0000] {taskmixin.py:205} WARNING - Dependency <Task(_PythonDecoratedOperator): get_age>, greet already registered for DAG: task_dag
[2022-11-12T06:29:56.401+0000] {taskmixin.py:205} WARNING - Dependency <Task(_PythonDecoratedOperator): greet>, get_age already registered for DAG: task_dag
[2022-11-12T06:29:56.410+0000] {taskmixin.py:205} WARNING - Dependency <Task(_PythonDecoratedOperator): get_name>, greet already registered for DAG: task_dag
[2022-11-12T06:29:56.411+0000] {taskmixin.py:205} WARNING - Dependency <Task(_PythonDecoratedOperator): greet>, get_name already registered for DAG: task_dag
[2022-11-12T06:29:56.413+0000] {taskmixin.py:205} WARNING - Dependency <Task(_PythonDecoratedOperator): get_age>, greet already registered for DAG: task_dag
[2022-11-12T06:29:56.415+0000] {taskmixin.py:205} WARNING - Dependency <Task(_PythonDecoratedOperator): greet>, get_age already registered for DAG: task_dag
[2022-11-12T06:29:56.416+0000] {taskmixin.py:205} WARNING - Dependency <Task(_PythonDecoratedOperator): get_name>, greet already registered for DAG: task_dag
[2022-11-12T06:29:56.418+0000] {taskmixin.py:205} WARNING - Dependency <Task(_PythonDecoratedOperator): greet>, get_name already registered for DAG: task_dag
[2022-11-12T06:29:56.420+0000] {taskmixin.py:205} WARNING - Dependency <Task(_PythonDecoratedOperator): get_age>, greet already registered for DAG: task_dag
[2022-11-12T06:29:56.421+0000] {taskmixin.py:205} WARNING - Dependency <Task(_PythonDecoratedOperator): greet>, get_age already registered for DAG: task_dag
[2022-11-12T06:29:56.423+0000] {taskmixin.py:205} WARNING - Dependency <Task(_PythonDecoratedOperator): get_name>, greet already registered for DAG: task_dag
[2022-11-12T06:29:56.425+0000] {taskmixin.py:205} WARNING - Dependency <Task(_PythonDecoratedOperator): greet>, get_name already registered for DAG: task_dag
[2022-11-12T06:29:56.427+0000] {taskmixin.py:205} WARNING - Dependency <Task(_PythonDecoratedOperator): get_age>, greet already registered for DAG: task_dag
[2022-11-12T06:29:56.428+0000] {taskmixin.py:205} WARNING - Dependency <Task(_PythonDecoratedOperator): greet>, get_age already registered for DAG: task_dag
[2022-11-12T06:29:56.440+0000] {taskmixin.py:205} WARNING - Dependency <Task(_PythonDecoratedOperator): get_name>, greet already registered for DAG: task_dag
[2022-11-12T06:29:56.450+0000] {taskmixin.py:205} WARNING - Dependency <Task(_PythonDecoratedOperator): greet>, get_name already registered for DAG: task_dag
[2022-11-12T06:29:56.451+0000] {taskmixin.py:205} WARNING - Dependency <Task(_PythonDecoratedOperator): get_age>, greet already registered for DAG: task_dag
[2022-11-12T06:29:56.452+0000] {taskmixin.py:205} WARNING - Dependency <Task(_PythonDecoratedOperator): greet>, get_age already registered for DAG: task_dag
[2022-11-12T06:29:56.751+0000] {task_command.py:384} INFO - Running <TaskInstance: task_dag.get_age manual__2022-11-12T06:29:50.523552+00:00 [running]> on host 4e1173cf24e4
[2022-11-12T06:29:56.933+0000] {taskinstance.py:1592} INFO - Exporting the following env vars:
AIRFLOW_CTX_DAG_OWNER=***
AIRFLOW_CTX_DAG_ID=task_dag
AIRFLOW_CTX_TASK_ID=get_age
AIRFLOW_CTX_EXECUTION_DATE=2022-11-12T06:29:50.523552+00:00
AIRFLOW_CTX_TRY_NUMBER=1
AIRFLOW_CTX_DAG_RUN_ID=manual__2022-11-12T06:29:50.523552+00:00
[2022-11-12T06:29:56.936+0000] {python.py:177} INFO - Done. Returned value was: 24
[2022-11-12T06:29:57.023+0000] {taskinstance.py:1406} INFO - Marking task as SUCCESS. dag_id=task_dag, task_id=get_age, execution_date=20221112T062950, start_date=20221112T062956, end_date=20221112T062957
[2022-11-12T06:29:57.147+0000] {local_task_job.py:164} INFO - Task exited with return code 0
[2022-11-12T06:29:57.279+0000] {local_task_job.py:273} INFO - 1 downstream tasks scheduled from follow-on schedule check
