[2022-11-12T06:36:08.471+0000] {taskinstance.py:1165} INFO - Dependencies all met for <TaskInstance: task_dag.get_name manual__2022-11-12T06:35:57.515445+00:00 [queued]>
[2022-11-12T06:36:08.655+0000] {taskinstance.py:1165} INFO - Dependencies all met for <TaskInstance: task_dag.get_name manual__2022-11-12T06:35:57.515445+00:00 [queued]>
[2022-11-12T06:36:08.672+0000] {taskinstance.py:1362} INFO - 
--------------------------------------------------------------------------------
[2022-11-12T06:36:08.678+0000] {taskinstance.py:1363} INFO - Starting attempt 1 of 1
[2022-11-12T06:36:08.701+0000] {taskinstance.py:1364} INFO - 
--------------------------------------------------------------------------------
[2022-11-12T06:36:09.072+0000] {taskinstance.py:1383} INFO - Executing <Task(_PythonDecoratedOperator): get_name> on 2022-11-12 06:35:57.515445+00:00
[2022-11-12T06:36:09.140+0000] {standard_task_runner.py:54} INFO - Started process 4456 to run task
[2022-11-12T06:36:09.254+0000] {standard_task_runner.py:82} INFO - Running: ['***', 'tasks', 'run', 'task_dag', 'get_name', 'manual__2022-11-12T06:35:57.515445+00:00', '--job-id', '39', '--raw', '--subdir', 'DAGS_FOLDER/task_dag.py', '--cfg-path', '/tmp/tmpk0cj6tfo']
[2022-11-12T06:36:09.273+0000] {standard_task_runner.py:83} INFO - Job 39: Subtask get_name
[2022-11-12T06:36:09.286+0000] {dagbag.py:525} INFO - Filling up the DagBag from /opt/***/dags/task_dag.py
[2022-11-12T06:36:09.558+0000] {taskmixin.py:205} WARNING - Dependency <Task(_PythonDecoratedOperator): get_name>, greet already registered for DAG: task_dag
[2022-11-12T06:36:09.571+0000] {taskmixin.py:205} WARNING - Dependency <Task(_PythonDecoratedOperator): greet>, get_name already registered for DAG: task_dag
[2022-11-12T06:36:09.598+0000] {taskmixin.py:205} WARNING - Dependency <Task(_PythonDecoratedOperator): get_name>, greet already registered for DAG: task_dag
[2022-11-12T06:36:09.599+0000] {taskmixin.py:205} WARNING - Dependency <Task(_PythonDecoratedOperator): greet>, get_name already registered for DAG: task_dag
[2022-11-12T06:36:09.603+0000] {taskmixin.py:205} WARNING - Dependency <Task(_PythonDecoratedOperator): get_name>, greet already registered for DAG: task_dag
[2022-11-12T06:36:09.605+0000] {taskmixin.py:205} WARNING - Dependency <Task(_PythonDecoratedOperator): greet>, get_name already registered for DAG: task_dag
[2022-11-12T06:36:09.609+0000] {taskmixin.py:205} WARNING - Dependency <Task(_PythonDecoratedOperator): get_age>, greet already registered for DAG: task_dag
[2022-11-12T06:36:09.626+0000] {taskmixin.py:205} WARNING - Dependency <Task(_PythonDecoratedOperator): greet>, get_age already registered for DAG: task_dag
[2022-11-12T06:36:09.638+0000] {taskmixin.py:205} WARNING - Dependency <Task(_PythonDecoratedOperator): get_name>, greet already registered for DAG: task_dag
[2022-11-12T06:36:09.641+0000] {taskmixin.py:205} WARNING - Dependency <Task(_PythonDecoratedOperator): greet>, get_name already registered for DAG: task_dag
[2022-11-12T06:36:09.671+0000] {taskmixin.py:205} WARNING - Dependency <Task(_PythonDecoratedOperator): get_name>, greet already registered for DAG: task_dag
[2022-11-12T06:36:09.674+0000] {taskmixin.py:205} WARNING - Dependency <Task(_PythonDecoratedOperator): greet>, get_name already registered for DAG: task_dag
[2022-11-12T06:36:09.676+0000] {taskmixin.py:205} WARNING - Dependency <Task(_PythonDecoratedOperator): get_age>, greet already registered for DAG: task_dag
[2022-11-12T06:36:09.688+0000] {taskmixin.py:205} WARNING - Dependency <Task(_PythonDecoratedOperator): greet>, get_age already registered for DAG: task_dag
[2022-11-12T06:36:09.695+0000] {taskmixin.py:205} WARNING - Dependency <Task(_PythonDecoratedOperator): get_name>, greet already registered for DAG: task_dag
[2022-11-12T06:36:09.705+0000] {taskmixin.py:205} WARNING - Dependency <Task(_PythonDecoratedOperator): greet>, get_name already registered for DAG: task_dag
[2022-11-12T06:36:09.708+0000] {taskmixin.py:205} WARNING - Dependency <Task(_PythonDecoratedOperator): get_name>, greet already registered for DAG: task_dag
[2022-11-12T06:36:09.718+0000] {taskmixin.py:205} WARNING - Dependency <Task(_PythonDecoratedOperator): greet>, get_name already registered for DAG: task_dag
[2022-11-12T06:36:09.726+0000] {taskmixin.py:205} WARNING - Dependency <Task(_PythonDecoratedOperator): get_age>, greet already registered for DAG: task_dag
[2022-11-12T06:36:09.739+0000] {taskmixin.py:205} WARNING - Dependency <Task(_PythonDecoratedOperator): greet>, get_age already registered for DAG: task_dag
[2022-11-12T06:36:09.754+0000] {taskmixin.py:205} WARNING - Dependency <Task(_PythonDecoratedOperator): get_name>, greet already registered for DAG: task_dag
[2022-11-12T06:36:09.772+0000] {taskmixin.py:205} WARNING - Dependency <Task(_PythonDecoratedOperator): greet>, get_name already registered for DAG: task_dag
[2022-11-12T06:36:09.782+0000] {taskmixin.py:205} WARNING - Dependency <Task(_PythonDecoratedOperator): get_name>, greet already registered for DAG: task_dag
[2022-11-12T06:36:09.788+0000] {taskmixin.py:205} WARNING - Dependency <Task(_PythonDecoratedOperator): greet>, get_name already registered for DAG: task_dag
[2022-11-12T06:36:09.791+0000] {taskmixin.py:205} WARNING - Dependency <Task(_PythonDecoratedOperator): get_age>, greet already registered for DAG: task_dag
[2022-11-12T06:36:09.808+0000] {taskmixin.py:205} WARNING - Dependency <Task(_PythonDecoratedOperator): greet>, get_age already registered for DAG: task_dag
[2022-11-12T06:36:09.812+0000] {taskmixin.py:205} WARNING - Dependency <Task(_PythonDecoratedOperator): get_name>, greet already registered for DAG: task_dag
[2022-11-12T06:36:09.821+0000] {taskmixin.py:205} WARNING - Dependency <Task(_PythonDecoratedOperator): greet>, get_name already registered for DAG: task_dag
[2022-11-12T06:36:09.825+0000] {taskmixin.py:205} WARNING - Dependency <Task(_PythonDecoratedOperator): get_name>, greet already registered for DAG: task_dag
[2022-11-12T06:36:09.840+0000] {taskmixin.py:205} WARNING - Dependency <Task(_PythonDecoratedOperator): greet>, get_name already registered for DAG: task_dag
[2022-11-12T06:36:09.842+0000] {taskmixin.py:205} WARNING - Dependency <Task(_PythonDecoratedOperator): get_age>, greet already registered for DAG: task_dag
[2022-11-12T06:36:09.851+0000] {taskmixin.py:205} WARNING - Dependency <Task(_PythonDecoratedOperator): greet>, get_age already registered for DAG: task_dag
[2022-11-12T06:36:10.900+0000] {task_command.py:384} INFO - Running <TaskInstance: task_dag.get_name manual__2022-11-12T06:35:57.515445+00:00 [running]> on host 4e1173cf24e4
[2022-11-12T06:36:11.995+0000] {taskinstance.py:1592} INFO - Exporting the following env vars:
AIRFLOW_CTX_DAG_OWNER=***
AIRFLOW_CTX_DAG_ID=task_dag
AIRFLOW_CTX_TASK_ID=get_name
AIRFLOW_CTX_EXECUTION_DATE=2022-11-12T06:35:57.515445+00:00
AIRFLOW_CTX_TRY_NUMBER=1
AIRFLOW_CTX_DAG_RUN_ID=manual__2022-11-12T06:35:57.515445+00:00
[2022-11-12T06:36:12.005+0000] {python.py:177} INFO - Done. Returned value was: {'first_name': 'Yusuf', 'last_name': 'Gzb'}
[2022-11-12T06:36:12.380+0000] {taskinstance.py:1406} INFO - Marking task as SUCCESS. dag_id=task_dag, task_id=get_name, execution_date=20221112T063557, start_date=20221112T063608, end_date=20221112T063612
[2022-11-12T06:36:12.828+0000] {local_task_job.py:164} INFO - Task exited with return code 0
[2022-11-12T06:36:13.008+0000] {local_task_job.py:273} INFO - 1 downstream tasks scheduled from follow-on schedule check
