[2022-11-12T06:29:26.958+0000] {processor.py:156} INFO - Started process (PID=4646) to work on /opt/airflow/dags/task_dag.py
[2022-11-12T06:29:26.967+0000] {processor.py:758} INFO - Processing file /opt/airflow/dags/task_dag.py for tasks to queue
[2022-11-12T06:29:26.969+0000] {logging_mixin.py:117} INFO - [2022-11-12T06:29:26.969+0000] {dagbag.py:525} INFO - Filling up the DagBag from /opt/airflow/dags/task_dag.py
[2022-11-12T06:29:27.299+0000] {processor.py:768} INFO - DAG(s) dict_keys(['task_dag']) retrieved from /opt/airflow/dags/task_dag.py
[2022-11-12T06:29:27.698+0000] {logging_mixin.py:117} INFO - [2022-11-12T06:29:27.697+0000] {manager.py:508} INFO - Created Permission View: can delete on DAG:task_dag
[2022-11-12T06:29:27.719+0000] {logging_mixin.py:117} INFO - [2022-11-12T06:29:27.719+0000] {manager.py:508} INFO - Created Permission View: can edit on DAG:task_dag
[2022-11-12T06:29:27.737+0000] {logging_mixin.py:117} INFO - [2022-11-12T06:29:27.736+0000] {manager.py:508} INFO - Created Permission View: can read on DAG:task_dag
[2022-11-12T06:29:27.739+0000] {logging_mixin.py:117} INFO - [2022-11-12T06:29:27.738+0000] {dag.py:2573} INFO - Sync 1 DAGs
[2022-11-12T06:29:27.766+0000] {logging_mixin.py:117} INFO - [2022-11-12T06:29:27.765+0000] {dag.py:2594} INFO - Creating ORM DAG for task_dag
[2022-11-12T06:29:27.788+0000] {logging_mixin.py:117} INFO - [2022-11-12T06:29:27.788+0000] {dag.py:3328} INFO - Setting next_dagrun for task_dag to None, run_after=None
[2022-11-12T06:29:27.826+0000] {processor.py:178} INFO - Processing /opt/airflow/dags/task_dag.py took 0.886 seconds
[2022-11-12T06:29:58.335+0000] {processor.py:156} INFO - Started process (PID=4668) to work on /opt/airflow/dags/task_dag.py
[2022-11-12T06:29:58.338+0000] {processor.py:758} INFO - Processing file /opt/airflow/dags/task_dag.py for tasks to queue
[2022-11-12T06:29:58.340+0000] {logging_mixin.py:117} INFO - [2022-11-12T06:29:58.340+0000] {dagbag.py:525} INFO - Filling up the DagBag from /opt/airflow/dags/task_dag.py
[2022-11-12T06:29:58.831+0000] {processor.py:768} INFO - DAG(s) dict_keys(['task_dag']) retrieved from /opt/airflow/dags/task_dag.py
[2022-11-12T06:29:59.471+0000] {logging_mixin.py:117} INFO - [2022-11-12T06:29:59.470+0000] {dag.py:2573} INFO - Sync 1 DAGs
[2022-11-12T06:29:59.710+0000] {logging_mixin.py:117} INFO - [2022-11-12T06:29:59.710+0000] {dag.py:3328} INFO - Setting next_dagrun for task_dag to None, run_after=None
[2022-11-12T06:29:59.914+0000] {processor.py:178} INFO - Processing /opt/airflow/dags/task_dag.py took 1.587 seconds
[2022-11-12T06:30:31.178+0000] {processor.py:156} INFO - Started process (PID=4690) to work on /opt/airflow/dags/task_dag.py
[2022-11-12T06:30:31.207+0000] {processor.py:758} INFO - Processing file /opt/airflow/dags/task_dag.py for tasks to queue
[2022-11-12T06:30:31.266+0000] {logging_mixin.py:117} INFO - [2022-11-12T06:30:31.265+0000] {dagbag.py:525} INFO - Filling up the DagBag from /opt/airflow/dags/task_dag.py
[2022-11-12T06:30:32.124+0000] {processor.py:768} INFO - DAG(s) dict_keys(['task_dag']) retrieved from /opt/airflow/dags/task_dag.py
[2022-11-12T06:30:32.729+0000] {logging_mixin.py:117} INFO - [2022-11-12T06:30:32.729+0000] {dag.py:2573} INFO - Sync 1 DAGs
[2022-11-12T06:30:32.882+0000] {logging_mixin.py:117} INFO - [2022-11-12T06:30:32.882+0000] {dag.py:3328} INFO - Setting next_dagrun for task_dag to None, run_after=None
[2022-11-12T06:30:33.033+0000] {processor.py:178} INFO - Processing /opt/airflow/dags/task_dag.py took 2.098 seconds
[2022-11-12T06:31:03.513+0000] {processor.py:156} INFO - Started process (PID=4712) to work on /opt/airflow/dags/task_dag.py
[2022-11-12T06:31:03.535+0000] {processor.py:758} INFO - Processing file /opt/airflow/dags/task_dag.py for tasks to queue
[2022-11-12T06:31:03.571+0000] {logging_mixin.py:117} INFO - [2022-11-12T06:31:03.571+0000] {dagbag.py:525} INFO - Filling up the DagBag from /opt/airflow/dags/task_dag.py
[2022-11-12T06:31:04.616+0000] {processor.py:768} INFO - DAG(s) dict_keys(['task_dag']) retrieved from /opt/airflow/dags/task_dag.py
[2022-11-12T06:31:05.513+0000] {logging_mixin.py:117} INFO - [2022-11-12T06:31:05.512+0000] {dag.py:2573} INFO - Sync 1 DAGs
[2022-11-12T06:31:06.079+0000] {logging_mixin.py:117} INFO - [2022-11-12T06:31:06.078+0000] {dag.py:3328} INFO - Setting next_dagrun for task_dag to None, run_after=None
[2022-11-12T06:31:06.527+0000] {processor.py:178} INFO - Processing /opt/airflow/dags/task_dag.py took 3.075 seconds
[2022-11-12T06:31:37.148+0000] {processor.py:156} INFO - Started process (PID=4736) to work on /opt/airflow/dags/task_dag.py
[2022-11-12T06:31:37.160+0000] {processor.py:758} INFO - Processing file /opt/airflow/dags/task_dag.py for tasks to queue
[2022-11-12T06:31:37.178+0000] {logging_mixin.py:117} INFO - [2022-11-12T06:31:37.175+0000] {dagbag.py:525} INFO - Filling up the DagBag from /opt/airflow/dags/task_dag.py
[2022-11-12T06:31:37.374+0000] {processor.py:768} INFO - DAG(s) dict_keys(['task_dag']) retrieved from /opt/airflow/dags/task_dag.py
[2022-11-12T06:31:37.594+0000] {logging_mixin.py:117} INFO - [2022-11-12T06:31:37.594+0000] {dag.py:2573} INFO - Sync 1 DAGs
[2022-11-12T06:31:37.720+0000] {logging_mixin.py:117} INFO - [2022-11-12T06:31:37.720+0000] {dag.py:3328} INFO - Setting next_dagrun for task_dag to None, run_after=None
[2022-11-12T06:31:37.874+0000] {processor.py:178} INFO - Processing /opt/airflow/dags/task_dag.py took 0.759 seconds
[2022-11-12T06:32:08.516+0000] {processor.py:156} INFO - Started process (PID=4768) to work on /opt/airflow/dags/task_dag.py
[2022-11-12T06:32:08.534+0000] {processor.py:758} INFO - Processing file /opt/airflow/dags/task_dag.py for tasks to queue
[2022-11-12T06:32:08.538+0000] {logging_mixin.py:117} INFO - [2022-11-12T06:32:08.537+0000] {dagbag.py:525} INFO - Filling up the DagBag from /opt/airflow/dags/task_dag.py
[2022-11-12T06:32:09.083+0000] {processor.py:768} INFO - DAG(s) dict_keys(['task_dag']) retrieved from /opt/airflow/dags/task_dag.py
[2022-11-12T06:32:09.661+0000] {logging_mixin.py:117} INFO - [2022-11-12T06:32:09.660+0000] {dag.py:2573} INFO - Sync 1 DAGs
[2022-11-12T06:32:09.876+0000] {logging_mixin.py:117} INFO - [2022-11-12T06:32:09.875+0000] {dag.py:3328} INFO - Setting next_dagrun for task_dag to None, run_after=None
[2022-11-12T06:32:09.968+0000] {processor.py:178} INFO - Processing /opt/airflow/dags/task_dag.py took 1.515 seconds
[2022-11-12T06:32:40.215+0000] {processor.py:156} INFO - Started process (PID=4780) to work on /opt/airflow/dags/task_dag.py
[2022-11-12T06:32:40.221+0000] {processor.py:758} INFO - Processing file /opt/airflow/dags/task_dag.py for tasks to queue
[2022-11-12T06:32:40.242+0000] {logging_mixin.py:117} INFO - [2022-11-12T06:32:40.242+0000] {dagbag.py:525} INFO - Filling up the DagBag from /opt/airflow/dags/task_dag.py
[2022-11-12T06:32:40.364+0000] {processor.py:768} INFO - DAG(s) dict_keys(['task_dag']) retrieved from /opt/airflow/dags/task_dag.py
[2022-11-12T06:32:40.576+0000] {logging_mixin.py:117} INFO - [2022-11-12T06:32:40.575+0000] {dag.py:2573} INFO - Sync 1 DAGs
[2022-11-12T06:32:40.788+0000] {logging_mixin.py:117} INFO - [2022-11-12T06:32:40.788+0000] {dag.py:3328} INFO - Setting next_dagrun for task_dag to None, run_after=None
[2022-11-12T06:32:40.933+0000] {processor.py:178} INFO - Processing /opt/airflow/dags/task_dag.py took 0.730 seconds
[2022-11-12T06:33:11.576+0000] {processor.py:156} INFO - Started process (PID=4813) to work on /opt/airflow/dags/task_dag.py
[2022-11-12T06:33:11.581+0000] {processor.py:758} INFO - Processing file /opt/airflow/dags/task_dag.py for tasks to queue
[2022-11-12T06:33:11.587+0000] {logging_mixin.py:117} INFO - [2022-11-12T06:33:11.584+0000] {dagbag.py:525} INFO - Filling up the DagBag from /opt/airflow/dags/task_dag.py
[2022-11-12T06:33:11.717+0000] {processor.py:768} INFO - DAG(s) dict_keys(['task_dag']) retrieved from /opt/airflow/dags/task_dag.py
[2022-11-12T06:33:11.846+0000] {logging_mixin.py:117} INFO - [2022-11-12T06:33:11.845+0000] {dag.py:2573} INFO - Sync 1 DAGs
[2022-11-12T06:33:11.921+0000] {logging_mixin.py:117} INFO - [2022-11-12T06:33:11.921+0000] {dag.py:3328} INFO - Setting next_dagrun for task_dag to None, run_after=None
[2022-11-12T06:33:11.988+0000] {processor.py:178} INFO - Processing /opt/airflow/dags/task_dag.py took 0.441 seconds
[2022-11-12T06:33:36.776+0000] {processor.py:156} INFO - Started process (PID=4826) to work on /opt/airflow/dags/task_dag.py
[2022-11-12T06:33:36.780+0000] {processor.py:758} INFO - Processing file /opt/airflow/dags/task_dag.py for tasks to queue
[2022-11-12T06:33:36.785+0000] {logging_mixin.py:117} INFO - [2022-11-12T06:33:36.783+0000] {dagbag.py:525} INFO - Filling up the DagBag from /opt/airflow/dags/task_dag.py
[2022-11-12T06:33:36.835+0000] {logging_mixin.py:117} INFO - [2022-11-12T06:33:36.817+0000] {dagbag.py:330} ERROR - Failed to import: /opt/airflow/dags/task_dag.py
Traceback (most recent call last):
  File "/home/airflow/.local/lib/python3.7/site-packages/airflow/models/dagbag.py", line 326, in parse
    loader.exec_module(new_module)
  File "<frozen importlib._bootstrap_external>", line 724, in exec_module
  File "<frozen importlib._bootstrap_external>", line 860, in get_code
  File "<frozen importlib._bootstrap_external>", line 791, in source_to_code
  File "<frozen importlib._bootstrap>", line 219, in _call_with_frames_removed
  File "/opt/airflow/dags/task_dag.py", line 30
    greet(first_name=name_dict["first_name"],last_name=name_dict["last_name"], age)
                                                                              ^
SyntaxError: positional argument follows keyword argument
[2022-11-12T06:33:36.839+0000] {processor.py:770} WARNING - No viable dags retrieved from /opt/airflow/dags/task_dag.py
[2022-11-12T06:33:37.167+0000] {processor.py:178} INFO - Processing /opt/airflow/dags/task_dag.py took 0.443 seconds
[2022-11-12T06:34:07.852+0000] {processor.py:156} INFO - Started process (PID=4857) to work on /opt/airflow/dags/task_dag.py
[2022-11-12T06:34:07.865+0000] {processor.py:758} INFO - Processing file /opt/airflow/dags/task_dag.py for tasks to queue
[2022-11-12T06:34:07.868+0000] {logging_mixin.py:117} INFO - [2022-11-12T06:34:07.867+0000] {dagbag.py:525} INFO - Filling up the DagBag from /opt/airflow/dags/task_dag.py
[2022-11-12T06:34:07.899+0000] {logging_mixin.py:117} INFO - [2022-11-12T06:34:07.897+0000] {dagbag.py:330} ERROR - Failed to import: /opt/airflow/dags/task_dag.py
Traceback (most recent call last):
  File "/home/airflow/.local/lib/python3.7/site-packages/airflow/models/dagbag.py", line 326, in parse
    loader.exec_module(new_module)
  File "<frozen importlib._bootstrap_external>", line 724, in exec_module
  File "<frozen importlib._bootstrap_external>", line 860, in get_code
  File "<frozen importlib._bootstrap_external>", line 791, in source_to_code
  File "<frozen importlib._bootstrap>", line 219, in _call_with_frames_removed
  File "/opt/airflow/dags/task_dag.py", line 30
    greet(first_name=name_dict["first_name"],last_name=name_dict["last_name"], age)
                                                                              ^
SyntaxError: positional argument follows keyword argument
[2022-11-12T06:34:07.901+0000] {processor.py:770} WARNING - No viable dags retrieved from /opt/airflow/dags/task_dag.py
[2022-11-12T06:34:07.983+0000] {processor.py:178} INFO - Processing /opt/airflow/dags/task_dag.py took 0.146 seconds
[2022-11-12T06:34:27.456+0000] {processor.py:156} INFO - Started process (PID=4870) to work on /opt/airflow/dags/task_dag.py
[2022-11-12T06:34:27.462+0000] {processor.py:758} INFO - Processing file /opt/airflow/dags/task_dag.py for tasks to queue
[2022-11-12T06:34:27.465+0000] {logging_mixin.py:117} INFO - [2022-11-12T06:34:27.464+0000] {dagbag.py:525} INFO - Filling up the DagBag from /opt/airflow/dags/task_dag.py
[2022-11-12T06:34:27.509+0000] {logging_mixin.py:117} INFO - [2022-11-12T06:34:27.507+0000] {dagbag.py:330} ERROR - Failed to import: /opt/airflow/dags/task_dag.py
Traceback (most recent call last):
  File "/home/airflow/.local/lib/python3.7/site-packages/airflow/models/dagbag.py", line 326, in parse
    loader.exec_module(new_module)
  File "<frozen importlib._bootstrap_external>", line 724, in exec_module
  File "<frozen importlib._bootstrap_external>", line 860, in get_code
  File "<frozen importlib._bootstrap_external>", line 791, in source_to_code
  File "<frozen importlib._bootstrap>", line 219, in _call_with_frames_removed
  File "/opt/airflow/dags/task_dag.py", line 30
    greet(first_name=name_dict["first_name"],last_name=name_dict["last_name"], age)
                                                                              ^
SyntaxError: positional argument follows keyword argument
[2022-11-12T06:34:27.522+0000] {processor.py:770} WARNING - No viable dags retrieved from /opt/airflow/dags/task_dag.py
[2022-11-12T06:34:27.566+0000] {processor.py:178} INFO - Processing /opt/airflow/dags/task_dag.py took 0.135 seconds
[2022-11-12T06:34:58.105+0000] {processor.py:156} INFO - Started process (PID=4892) to work on /opt/airflow/dags/task_dag.py
[2022-11-12T06:34:58.107+0000] {processor.py:758} INFO - Processing file /opt/airflow/dags/task_dag.py for tasks to queue
[2022-11-12T06:34:58.110+0000] {logging_mixin.py:117} INFO - [2022-11-12T06:34:58.109+0000] {dagbag.py:525} INFO - Filling up the DagBag from /opt/airflow/dags/task_dag.py
[2022-11-12T06:34:58.138+0000] {logging_mixin.py:117} INFO - [2022-11-12T06:34:58.135+0000] {dagbag.py:330} ERROR - Failed to import: /opt/airflow/dags/task_dag.py
Traceback (most recent call last):
  File "/home/airflow/.local/lib/python3.7/site-packages/airflow/models/dagbag.py", line 326, in parse
    loader.exec_module(new_module)
  File "<frozen importlib._bootstrap_external>", line 724, in exec_module
  File "<frozen importlib._bootstrap_external>", line 860, in get_code
  File "<frozen importlib._bootstrap_external>", line 791, in source_to_code
  File "<frozen importlib._bootstrap>", line 219, in _call_with_frames_removed
  File "/opt/airflow/dags/task_dag.py", line 30
    greet(first_name=name_dict["first_name"],last_name=name_dict["last_name"], age)
                                                                              ^
SyntaxError: positional argument follows keyword argument
[2022-11-12T06:34:58.140+0000] {processor.py:770} WARNING - No viable dags retrieved from /opt/airflow/dags/task_dag.py
[2022-11-12T06:34:58.195+0000] {processor.py:178} INFO - Processing /opt/airflow/dags/task_dag.py took 0.104 seconds
[2022-11-12T06:35:22.858+0000] {processor.py:156} INFO - Started process (PID=4913) to work on /opt/airflow/dags/task_dag.py
[2022-11-12T06:35:22.867+0000] {processor.py:758} INFO - Processing file /opt/airflow/dags/task_dag.py for tasks to queue
[2022-11-12T06:35:22.870+0000] {logging_mixin.py:117} INFO - [2022-11-12T06:35:22.870+0000] {dagbag.py:525} INFO - Filling up the DagBag from /opt/airflow/dags/task_dag.py
[2022-11-12T06:35:23.025+0000] {processor.py:768} INFO - DAG(s) dict_keys(['task_dag']) retrieved from /opt/airflow/dags/task_dag.py
[2022-11-12T06:35:23.255+0000] {logging_mixin.py:117} INFO - [2022-11-12T06:35:23.255+0000] {dag.py:2573} INFO - Sync 1 DAGs
[2022-11-12T06:35:23.324+0000] {logging_mixin.py:117} INFO - [2022-11-12T06:35:23.323+0000] {dag.py:3328} INFO - Setting next_dagrun for task_dag to None, run_after=None
[2022-11-12T06:35:23.401+0000] {processor.py:178} INFO - Processing /opt/airflow/dags/task_dag.py took 0.555 seconds
[2022-11-12T06:35:54.118+0000] {processor.py:156} INFO - Started process (PID=4936) to work on /opt/airflow/dags/task_dag.py
[2022-11-12T06:35:54.122+0000] {processor.py:758} INFO - Processing file /opt/airflow/dags/task_dag.py for tasks to queue
[2022-11-12T06:35:54.135+0000] {logging_mixin.py:117} INFO - [2022-11-12T06:35:54.135+0000] {dagbag.py:525} INFO - Filling up the DagBag from /opt/airflow/dags/task_dag.py
[2022-11-12T06:35:54.732+0000] {processor.py:768} INFO - DAG(s) dict_keys(['task_dag']) retrieved from /opt/airflow/dags/task_dag.py
[2022-11-12T06:35:55.940+0000] {logging_mixin.py:117} INFO - [2022-11-12T06:35:55.940+0000] {dag.py:2573} INFO - Sync 1 DAGs
[2022-11-12T06:35:56.941+0000] {logging_mixin.py:117} INFO - [2022-11-12T06:35:56.939+0000] {dag.py:3328} INFO - Setting next_dagrun for task_dag to None, run_after=None
[2022-11-12T06:35:57.191+0000] {processor.py:178} INFO - Processing /opt/airflow/dags/task_dag.py took 3.099 seconds
[2022-11-12T06:36:27.824+0000] {processor.py:156} INFO - Started process (PID=4958) to work on /opt/airflow/dags/task_dag.py
[2022-11-12T06:36:27.841+0000] {processor.py:758} INFO - Processing file /opt/airflow/dags/task_dag.py for tasks to queue
[2022-11-12T06:36:27.863+0000] {logging_mixin.py:117} INFO - [2022-11-12T06:36:27.860+0000] {dagbag.py:525} INFO - Filling up the DagBag from /opt/airflow/dags/task_dag.py
[2022-11-12T06:36:28.278+0000] {processor.py:768} INFO - DAG(s) dict_keys(['task_dag']) retrieved from /opt/airflow/dags/task_dag.py
[2022-11-12T06:36:28.849+0000] {logging_mixin.py:117} INFO - [2022-11-12T06:36:28.839+0000] {dag.py:2573} INFO - Sync 1 DAGs
[2022-11-12T06:36:29.047+0000] {logging_mixin.py:117} INFO - [2022-11-12T06:36:29.046+0000] {dag.py:3328} INFO - Setting next_dagrun for task_dag to None, run_after=None
[2022-11-12T06:36:29.282+0000] {processor.py:178} INFO - Processing /opt/airflow/dags/task_dag.py took 1.524 seconds
[2022-11-12T06:37:00.304+0000] {processor.py:156} INFO - Started process (PID=4973) to work on /opt/airflow/dags/task_dag.py
[2022-11-12T06:37:00.389+0000] {processor.py:758} INFO - Processing file /opt/airflow/dags/task_dag.py for tasks to queue
[2022-11-12T06:37:00.431+0000] {logging_mixin.py:117} INFO - [2022-11-12T06:37:00.399+0000] {dagbag.py:525} INFO - Filling up the DagBag from /opt/airflow/dags/task_dag.py
[2022-11-12T06:37:01.037+0000] {processor.py:768} INFO - DAG(s) dict_keys(['task_dag']) retrieved from /opt/airflow/dags/task_dag.py
[2022-11-12T06:37:01.368+0000] {logging_mixin.py:117} INFO - [2022-11-12T06:37:01.367+0000] {dag.py:2573} INFO - Sync 1 DAGs
[2022-11-12T06:37:01.735+0000] {logging_mixin.py:117} INFO - [2022-11-12T06:37:01.735+0000] {dag.py:3328} INFO - Setting next_dagrun for task_dag to None, run_after=None
[2022-11-12T06:37:02.141+0000] {processor.py:178} INFO - Processing /opt/airflow/dags/task_dag.py took 1.869 seconds
[2022-11-12T06:37:33.337+0000] {processor.py:156} INFO - Started process (PID=4996) to work on /opt/airflow/dags/task_dag.py
[2022-11-12T06:37:33.353+0000] {processor.py:758} INFO - Processing file /opt/airflow/dags/task_dag.py for tasks to queue
[2022-11-12T06:37:33.369+0000] {logging_mixin.py:117} INFO - [2022-11-12T06:37:33.369+0000] {dagbag.py:525} INFO - Filling up the DagBag from /opt/airflow/dags/task_dag.py
[2022-11-12T06:37:33.635+0000] {processor.py:768} INFO - DAG(s) dict_keys(['task_dag']) retrieved from /opt/airflow/dags/task_dag.py
[2022-11-12T06:37:34.077+0000] {logging_mixin.py:117} INFO - [2022-11-12T06:37:34.077+0000] {dag.py:2573} INFO - Sync 1 DAGs
[2022-11-12T06:37:34.414+0000] {logging_mixin.py:117} INFO - [2022-11-12T06:37:34.414+0000] {dag.py:3328} INFO - Setting next_dagrun for task_dag to None, run_after=None
[2022-11-12T06:37:34.582+0000] {processor.py:178} INFO - Processing /opt/airflow/dags/task_dag.py took 1.314 seconds
[2022-11-12T06:40:09.637+0000] {processor.py:156} INFO - Started process (PID=5109) to work on /opt/airflow/dags/task_dag.py
[2022-11-12T06:40:09.640+0000] {processor.py:758} INFO - Processing file /opt/airflow/dags/task_dag.py for tasks to queue
[2022-11-12T06:40:09.642+0000] {logging_mixin.py:117} INFO - [2022-11-12T06:40:09.642+0000] {dagbag.py:525} INFO - Filling up the DagBag from /opt/airflow/dags/task_dag.py
[2022-11-12T06:40:09.717+0000] {processor.py:768} INFO - DAG(s) dict_keys(['task_dag']) retrieved from /opt/airflow/dags/task_dag.py
[2022-11-12T06:40:09.907+0000] {logging_mixin.py:117} INFO - [2022-11-12T06:40:09.907+0000] {dag.py:2573} INFO - Sync 1 DAGs
[2022-11-12T06:40:10.021+0000] {logging_mixin.py:117} INFO - [2022-11-12T06:40:10.021+0000] {dag.py:3328} INFO - Setting next_dagrun for task_dag to None, run_after=None
[2022-11-12T06:40:10.084+0000] {processor.py:178} INFO - Processing /opt/airflow/dags/task_dag.py took 0.458 seconds
[2022-11-12T06:40:40.457+0000] {processor.py:156} INFO - Started process (PID=5131) to work on /opt/airflow/dags/task_dag.py
[2022-11-12T06:40:40.460+0000] {processor.py:758} INFO - Processing file /opt/airflow/dags/task_dag.py for tasks to queue
[2022-11-12T06:40:40.465+0000] {logging_mixin.py:117} INFO - [2022-11-12T06:40:40.464+0000] {dagbag.py:525} INFO - Filling up the DagBag from /opt/airflow/dags/task_dag.py
[2022-11-12T06:40:40.606+0000] {processor.py:768} INFO - DAG(s) dict_keys(['task_dag']) retrieved from /opt/airflow/dags/task_dag.py
[2022-11-12T06:40:40.755+0000] {logging_mixin.py:117} INFO - [2022-11-12T06:40:40.755+0000] {dag.py:2573} INFO - Sync 1 DAGs
[2022-11-12T06:40:40.837+0000] {logging_mixin.py:117} INFO - [2022-11-12T06:40:40.837+0000] {dag.py:3328} INFO - Setting next_dagrun for task_dag to None, run_after=None
[2022-11-12T06:40:40.888+0000] {processor.py:178} INFO - Processing /opt/airflow/dags/task_dag.py took 0.442 seconds
[2022-11-12T06:41:11.133+0000] {processor.py:156} INFO - Started process (PID=5151) to work on /opt/airflow/dags/task_dag.py
[2022-11-12T06:41:11.143+0000] {processor.py:758} INFO - Processing file /opt/airflow/dags/task_dag.py for tasks to queue
[2022-11-12T06:41:11.152+0000] {logging_mixin.py:117} INFO - [2022-11-12T06:41:11.150+0000] {dagbag.py:525} INFO - Filling up the DagBag from /opt/airflow/dags/task_dag.py
[2022-11-12T06:41:11.570+0000] {processor.py:768} INFO - DAG(s) dict_keys(['task_dag']) retrieved from /opt/airflow/dags/task_dag.py
[2022-11-12T06:41:11.901+0000] {logging_mixin.py:117} INFO - [2022-11-12T06:41:11.900+0000] {dag.py:2573} INFO - Sync 1 DAGs
[2022-11-12T06:41:12.387+0000] {logging_mixin.py:117} INFO - [2022-11-12T06:41:12.387+0000] {dag.py:3328} INFO - Setting next_dagrun for task_dag to None, run_after=None
[2022-11-12T06:41:12.841+0000] {processor.py:178} INFO - Processing /opt/airflow/dags/task_dag.py took 1.731 seconds
[2022-11-12T06:41:43.334+0000] {processor.py:156} INFO - Started process (PID=5167) to work on /opt/airflow/dags/task_dag.py
[2022-11-12T06:41:43.337+0000] {processor.py:758} INFO - Processing file /opt/airflow/dags/task_dag.py for tasks to queue
[2022-11-12T06:41:43.346+0000] {logging_mixin.py:117} INFO - [2022-11-12T06:41:43.345+0000] {dagbag.py:525} INFO - Filling up the DagBag from /opt/airflow/dags/task_dag.py
[2022-11-12T06:41:43.545+0000] {processor.py:768} INFO - DAG(s) dict_keys(['task_dag']) retrieved from /opt/airflow/dags/task_dag.py
[2022-11-12T06:41:43.849+0000] {logging_mixin.py:117} INFO - [2022-11-12T06:41:43.849+0000] {dag.py:2573} INFO - Sync 1 DAGs
[2022-11-12T06:41:44.204+0000] {logging_mixin.py:117} INFO - [2022-11-12T06:41:44.202+0000] {dag.py:3328} INFO - Setting next_dagrun for task_dag to None, run_after=None
[2022-11-12T06:41:44.355+0000] {processor.py:178} INFO - Processing /opt/airflow/dags/task_dag.py took 1.027 seconds
[2022-11-12T06:42:14.821+0000] {processor.py:156} INFO - Started process (PID=5192) to work on /opt/airflow/dags/task_dag.py
[2022-11-12T06:42:14.824+0000] {processor.py:758} INFO - Processing file /opt/airflow/dags/task_dag.py for tasks to queue
[2022-11-12T06:42:14.832+0000] {logging_mixin.py:117} INFO - [2022-11-12T06:42:14.832+0000] {dagbag.py:525} INFO - Filling up the DagBag from /opt/airflow/dags/task_dag.py
[2022-11-12T06:42:14.906+0000] {processor.py:768} INFO - DAG(s) dict_keys(['task_dag']) retrieved from /opt/airflow/dags/task_dag.py
[2022-11-12T06:42:15.019+0000] {logging_mixin.py:117} INFO - [2022-11-12T06:42:15.018+0000] {dag.py:2573} INFO - Sync 1 DAGs
[2022-11-12T06:42:15.079+0000] {logging_mixin.py:117} INFO - [2022-11-12T06:42:15.079+0000] {dag.py:3328} INFO - Setting next_dagrun for task_dag to None, run_after=None
[2022-11-12T06:42:15.117+0000] {processor.py:178} INFO - Processing /opt/airflow/dags/task_dag.py took 0.303 seconds
[2022-11-12T06:42:45.924+0000] {processor.py:156} INFO - Started process (PID=5217) to work on /opt/airflow/dags/task_dag.py
[2022-11-12T06:42:45.943+0000] {processor.py:758} INFO - Processing file /opt/airflow/dags/task_dag.py for tasks to queue
[2022-11-12T06:42:45.959+0000] {logging_mixin.py:117} INFO - [2022-11-12T06:42:45.959+0000] {dagbag.py:525} INFO - Filling up the DagBag from /opt/airflow/dags/task_dag.py
[2022-11-12T06:42:46.476+0000] {processor.py:768} INFO - DAG(s) dict_keys(['task_dag']) retrieved from /opt/airflow/dags/task_dag.py
[2022-11-12T06:42:47.081+0000] {logging_mixin.py:117} INFO - [2022-11-12T06:42:47.073+0000] {dag.py:2573} INFO - Sync 1 DAGs
[2022-11-12T06:42:47.561+0000] {logging_mixin.py:117} INFO - [2022-11-12T06:42:47.560+0000] {dag.py:3328} INFO - Setting next_dagrun for task_dag to None, run_after=None
[2022-11-12T06:42:48.023+0000] {processor.py:178} INFO - Processing /opt/airflow/dags/task_dag.py took 2.194 seconds
[2022-11-12T06:43:18.586+0000] {processor.py:156} INFO - Started process (PID=5230) to work on /opt/airflow/dags/task_dag.py
[2022-11-12T06:43:18.591+0000] {processor.py:758} INFO - Processing file /opt/airflow/dags/task_dag.py for tasks to queue
[2022-11-12T06:43:18.596+0000] {logging_mixin.py:117} INFO - [2022-11-12T06:43:18.595+0000] {dagbag.py:525} INFO - Filling up the DagBag from /opt/airflow/dags/task_dag.py
[2022-11-12T06:43:18.805+0000] {processor.py:768} INFO - DAG(s) dict_keys(['task_dag']) retrieved from /opt/airflow/dags/task_dag.py
[2022-11-12T06:43:19.094+0000] {logging_mixin.py:117} INFO - [2022-11-12T06:43:19.094+0000] {dag.py:2573} INFO - Sync 1 DAGs
[2022-11-12T06:43:19.402+0000] {logging_mixin.py:117} INFO - [2022-11-12T06:43:19.402+0000] {dag.py:3328} INFO - Setting next_dagrun for task_dag to None, run_after=None
[2022-11-12T06:43:19.588+0000] {processor.py:178} INFO - Processing /opt/airflow/dags/task_dag.py took 1.027 seconds
[2022-11-12T06:43:50.107+0000] {processor.py:156} INFO - Started process (PID=5252) to work on /opt/airflow/dags/task_dag.py
[2022-11-12T06:43:50.122+0000] {processor.py:758} INFO - Processing file /opt/airflow/dags/task_dag.py for tasks to queue
[2022-11-12T06:43:50.125+0000] {logging_mixin.py:117} INFO - [2022-11-12T06:43:50.125+0000] {dagbag.py:525} INFO - Filling up the DagBag from /opt/airflow/dags/task_dag.py
[2022-11-12T06:43:50.317+0000] {processor.py:768} INFO - DAG(s) dict_keys(['task_dag']) retrieved from /opt/airflow/dags/task_dag.py
[2022-11-12T06:43:50.488+0000] {logging_mixin.py:117} INFO - [2022-11-12T06:43:50.488+0000] {dag.py:2573} INFO - Sync 1 DAGs
[2022-11-12T06:43:50.613+0000] {logging_mixin.py:117} INFO - [2022-11-12T06:43:50.613+0000] {dag.py:3328} INFO - Setting next_dagrun for task_dag to None, run_after=None
[2022-11-12T06:43:50.758+0000] {processor.py:178} INFO - Processing /opt/airflow/dags/task_dag.py took 0.716 seconds
[2022-11-12T06:44:21.556+0000] {processor.py:156} INFO - Started process (PID=5271) to work on /opt/airflow/dags/task_dag.py
[2022-11-12T06:44:21.589+0000] {processor.py:758} INFO - Processing file /opt/airflow/dags/task_dag.py for tasks to queue
[2022-11-12T06:44:21.618+0000] {logging_mixin.py:117} INFO - [2022-11-12T06:44:21.616+0000] {dagbag.py:525} INFO - Filling up the DagBag from /opt/airflow/dags/task_dag.py
[2022-11-12T06:44:22.373+0000] {processor.py:768} INFO - DAG(s) dict_keys(['task_dag']) retrieved from /opt/airflow/dags/task_dag.py
[2022-11-12T06:44:22.936+0000] {logging_mixin.py:117} INFO - [2022-11-12T06:44:22.935+0000] {dag.py:2573} INFO - Sync 1 DAGs
[2022-11-12T06:44:23.312+0000] {logging_mixin.py:117} INFO - [2022-11-12T06:44:23.312+0000] {dag.py:3328} INFO - Setting next_dagrun for task_dag to None, run_after=None
[2022-11-12T06:44:23.650+0000] {processor.py:178} INFO - Processing /opt/airflow/dags/task_dag.py took 2.219 seconds
[2022-11-12T06:44:54.064+0000] {processor.py:156} INFO - Started process (PID=5287) to work on /opt/airflow/dags/task_dag.py
[2022-11-12T06:44:54.068+0000] {processor.py:758} INFO - Processing file /opt/airflow/dags/task_dag.py for tasks to queue
[2022-11-12T06:44:54.072+0000] {logging_mixin.py:117} INFO - [2022-11-12T06:44:54.071+0000] {dagbag.py:525} INFO - Filling up the DagBag from /opt/airflow/dags/task_dag.py
[2022-11-12T06:44:54.166+0000] {processor.py:768} INFO - DAG(s) dict_keys(['task_dag']) retrieved from /opt/airflow/dags/task_dag.py
[2022-11-12T06:44:54.341+0000] {logging_mixin.py:117} INFO - [2022-11-12T06:44:54.340+0000] {dag.py:2573} INFO - Sync 1 DAGs
[2022-11-12T06:44:54.479+0000] {logging_mixin.py:117} INFO - [2022-11-12T06:44:54.478+0000] {dag.py:3328} INFO - Setting next_dagrun for task_dag to None, run_after=None
[2022-11-12T06:44:54.548+0000] {processor.py:178} INFO - Processing /opt/airflow/dags/task_dag.py took 0.496 seconds
[2022-11-12T06:45:24.984+0000] {processor.py:156} INFO - Started process (PID=5307) to work on /opt/airflow/dags/task_dag.py
[2022-11-12T06:45:25.096+0000] {processor.py:758} INFO - Processing file /opt/airflow/dags/task_dag.py for tasks to queue
[2022-11-12T06:45:25.130+0000] {logging_mixin.py:117} INFO - [2022-11-12T06:45:25.129+0000] {dagbag.py:525} INFO - Filling up the DagBag from /opt/airflow/dags/task_dag.py
[2022-11-12T06:45:25.965+0000] {processor.py:768} INFO - DAG(s) dict_keys(['task_dag']) retrieved from /opt/airflow/dags/task_dag.py
[2022-11-12T06:45:26.544+0000] {logging_mixin.py:117} INFO - [2022-11-12T06:45:26.544+0000] {dag.py:2573} INFO - Sync 1 DAGs
[2022-11-12T06:45:26.800+0000] {logging_mixin.py:117} INFO - [2022-11-12T06:45:26.800+0000] {dag.py:3328} INFO - Setting next_dagrun for task_dag to None, run_after=None
[2022-11-12T06:45:27.098+0000] {processor.py:178} INFO - Processing /opt/airflow/dags/task_dag.py took 2.162 seconds
[2022-11-12T06:45:57.778+0000] {processor.py:156} INFO - Started process (PID=5323) to work on /opt/airflow/dags/task_dag.py
[2022-11-12T06:45:57.791+0000] {processor.py:758} INFO - Processing file /opt/airflow/dags/task_dag.py for tasks to queue
[2022-11-12T06:45:57.795+0000] {logging_mixin.py:117} INFO - [2022-11-12T06:45:57.795+0000] {dagbag.py:525} INFO - Filling up the DagBag from /opt/airflow/dags/task_dag.py
[2022-11-12T06:45:58.372+0000] {processor.py:768} INFO - DAG(s) dict_keys(['task_dag']) retrieved from /opt/airflow/dags/task_dag.py
[2022-11-12T06:45:58.896+0000] {logging_mixin.py:117} INFO - [2022-11-12T06:45:58.896+0000] {dag.py:2573} INFO - Sync 1 DAGs
[2022-11-12T06:45:59.212+0000] {logging_mixin.py:117} INFO - [2022-11-12T06:45:59.212+0000] {dag.py:3328} INFO - Setting next_dagrun for task_dag to None, run_after=None
[2022-11-12T06:45:59.872+0000] {processor.py:178} INFO - Processing /opt/airflow/dags/task_dag.py took 2.110 seconds
[2022-11-12T06:46:30.738+0000] {processor.py:156} INFO - Started process (PID=5352) to work on /opt/airflow/dags/task_dag.py
[2022-11-12T06:46:30.751+0000] {processor.py:758} INFO - Processing file /opt/airflow/dags/task_dag.py for tasks to queue
[2022-11-12T06:46:30.755+0000] {logging_mixin.py:117} INFO - [2022-11-12T06:46:30.754+0000] {dagbag.py:525} INFO - Filling up the DagBag from /opt/airflow/dags/task_dag.py
[2022-11-12T06:46:30.898+0000] {processor.py:768} INFO - DAG(s) dict_keys(['task_dag']) retrieved from /opt/airflow/dags/task_dag.py
[2022-11-12T06:46:31.038+0000] {logging_mixin.py:117} INFO - [2022-11-12T06:46:31.038+0000] {dag.py:2573} INFO - Sync 1 DAGs
[2022-11-12T06:46:31.164+0000] {logging_mixin.py:117} INFO - [2022-11-12T06:46:31.163+0000] {dag.py:3328} INFO - Setting next_dagrun for task_dag to None, run_after=None
[2022-11-12T06:46:31.229+0000] {processor.py:178} INFO - Processing /opt/airflow/dags/task_dag.py took 0.505 seconds
[2022-11-12T06:47:02.018+0000] {processor.py:156} INFO - Started process (PID=5377) to work on /opt/airflow/dags/task_dag.py
[2022-11-12T06:47:02.020+0000] {processor.py:758} INFO - Processing file /opt/airflow/dags/task_dag.py for tasks to queue
[2022-11-12T06:47:02.022+0000] {logging_mixin.py:117} INFO - [2022-11-12T06:47:02.022+0000] {dagbag.py:525} INFO - Filling up the DagBag from /opt/airflow/dags/task_dag.py
[2022-11-12T06:47:02.085+0000] {processor.py:768} INFO - DAG(s) dict_keys(['task_dag']) retrieved from /opt/airflow/dags/task_dag.py
[2022-11-12T06:47:02.191+0000] {logging_mixin.py:117} INFO - [2022-11-12T06:47:02.191+0000] {dag.py:2573} INFO - Sync 1 DAGs
[2022-11-12T06:47:02.337+0000] {logging_mixin.py:117} INFO - [2022-11-12T06:47:02.336+0000] {dag.py:3328} INFO - Setting next_dagrun for task_dag to None, run_after=None
[2022-11-12T06:47:02.390+0000] {processor.py:178} INFO - Processing /opt/airflow/dags/task_dag.py took 0.378 seconds
[2022-11-12T06:47:32.634+0000] {processor.py:156} INFO - Started process (PID=5399) to work on /opt/airflow/dags/task_dag.py
[2022-11-12T06:47:32.656+0000] {processor.py:758} INFO - Processing file /opt/airflow/dags/task_dag.py for tasks to queue
[2022-11-12T06:47:32.671+0000] {logging_mixin.py:117} INFO - [2022-11-12T06:47:32.670+0000] {dagbag.py:525} INFO - Filling up the DagBag from /opt/airflow/dags/task_dag.py
[2022-11-12T06:47:33.039+0000] {processor.py:768} INFO - DAG(s) dict_keys(['task_dag']) retrieved from /opt/airflow/dags/task_dag.py
[2022-11-12T06:47:33.571+0000] {logging_mixin.py:117} INFO - [2022-11-12T06:47:33.571+0000] {dag.py:2573} INFO - Sync 1 DAGs
[2022-11-12T06:47:33.788+0000] {logging_mixin.py:117} INFO - [2022-11-12T06:47:33.787+0000] {dag.py:3328} INFO - Setting next_dagrun for task_dag to None, run_after=None
[2022-11-12T06:47:33.970+0000] {processor.py:178} INFO - Processing /opt/airflow/dags/task_dag.py took 1.353 seconds
[2022-11-12T06:48:04.555+0000] {processor.py:156} INFO - Started process (PID=5422) to work on /opt/airflow/dags/task_dag.py
[2022-11-12T06:48:04.570+0000] {processor.py:758} INFO - Processing file /opt/airflow/dags/task_dag.py for tasks to queue
[2022-11-12T06:48:04.587+0000] {logging_mixin.py:117} INFO - [2022-11-12T06:48:04.587+0000] {dagbag.py:525} INFO - Filling up the DagBag from /opt/airflow/dags/task_dag.py
[2022-11-12T06:48:05.130+0000] {processor.py:768} INFO - DAG(s) dict_keys(['task_dag']) retrieved from /opt/airflow/dags/task_dag.py
[2022-11-12T06:48:05.888+0000] {logging_mixin.py:117} INFO - [2022-11-12T06:48:05.887+0000] {dag.py:2573} INFO - Sync 1 DAGs
[2022-11-12T06:48:06.178+0000] {logging_mixin.py:117} INFO - [2022-11-12T06:48:06.178+0000] {dag.py:3328} INFO - Setting next_dagrun for task_dag to None, run_after=None
[2022-11-12T06:48:06.301+0000] {processor.py:178} INFO - Processing /opt/airflow/dags/task_dag.py took 1.889 seconds
[2022-11-12T06:48:37.200+0000] {processor.py:156} INFO - Started process (PID=5446) to work on /opt/airflow/dags/task_dag.py
[2022-11-12T06:48:37.214+0000] {processor.py:758} INFO - Processing file /opt/airflow/dags/task_dag.py for tasks to queue
[2022-11-12T06:48:37.231+0000] {logging_mixin.py:117} INFO - [2022-11-12T06:48:37.219+0000] {dagbag.py:525} INFO - Filling up the DagBag from /opt/airflow/dags/task_dag.py
[2022-11-12T06:48:37.396+0000] {processor.py:768} INFO - DAG(s) dict_keys(['task_dag']) retrieved from /opt/airflow/dags/task_dag.py
[2022-11-12T06:48:37.703+0000] {logging_mixin.py:117} INFO - [2022-11-12T06:48:37.702+0000] {dag.py:2573} INFO - Sync 1 DAGs
[2022-11-12T06:48:37.937+0000] {logging_mixin.py:117} INFO - [2022-11-12T06:48:37.937+0000] {dag.py:3328} INFO - Setting next_dagrun for task_dag to None, run_after=None
[2022-11-12T06:48:38.199+0000] {processor.py:178} INFO - Processing /opt/airflow/dags/task_dag.py took 1.018 seconds
[2022-11-12T06:49:08.508+0000] {processor.py:156} INFO - Started process (PID=5460) to work on /opt/airflow/dags/task_dag.py
[2022-11-12T06:49:08.511+0000] {processor.py:758} INFO - Processing file /opt/airflow/dags/task_dag.py for tasks to queue
[2022-11-12T06:49:08.513+0000] {logging_mixin.py:117} INFO - [2022-11-12T06:49:08.513+0000] {dagbag.py:525} INFO - Filling up the DagBag from /opt/airflow/dags/task_dag.py
[2022-11-12T06:49:08.626+0000] {processor.py:768} INFO - DAG(s) dict_keys(['task_dag']) retrieved from /opt/airflow/dags/task_dag.py
[2022-11-12T06:49:08.782+0000] {logging_mixin.py:117} INFO - [2022-11-12T06:49:08.782+0000] {dag.py:2573} INFO - Sync 1 DAGs
[2022-11-12T06:49:08.849+0000] {logging_mixin.py:117} INFO - [2022-11-12T06:49:08.849+0000] {dag.py:3328} INFO - Setting next_dagrun for task_dag to None, run_after=None
[2022-11-12T06:49:08.898+0000] {processor.py:178} INFO - Processing /opt/airflow/dags/task_dag.py took 0.400 seconds
[2022-11-12T06:49:39.179+0000] {processor.py:156} INFO - Started process (PID=5484) to work on /opt/airflow/dags/task_dag.py
[2022-11-12T06:49:39.181+0000] {processor.py:758} INFO - Processing file /opt/airflow/dags/task_dag.py for tasks to queue
[2022-11-12T06:49:39.189+0000] {logging_mixin.py:117} INFO - [2022-11-12T06:49:39.188+0000] {dagbag.py:525} INFO - Filling up the DagBag from /opt/airflow/dags/task_dag.py
[2022-11-12T06:49:39.332+0000] {processor.py:768} INFO - DAG(s) dict_keys(['task_dag']) retrieved from /opt/airflow/dags/task_dag.py
[2022-11-12T06:49:39.514+0000] {logging_mixin.py:117} INFO - [2022-11-12T06:49:39.513+0000] {dag.py:2573} INFO - Sync 1 DAGs
[2022-11-12T06:49:39.613+0000] {logging_mixin.py:117} INFO - [2022-11-12T06:49:39.613+0000] {dag.py:3328} INFO - Setting next_dagrun for task_dag to None, run_after=None
[2022-11-12T06:49:39.673+0000] {processor.py:178} INFO - Processing /opt/airflow/dags/task_dag.py took 0.506 seconds
[2022-11-12T06:50:11.925+0000] {processor.py:156} INFO - Started process (PID=5508) to work on /opt/airflow/dags/task_dag.py
[2022-11-12T06:50:11.995+0000] {processor.py:758} INFO - Processing file /opt/airflow/dags/task_dag.py for tasks to queue
[2022-11-12T06:50:12.102+0000] {logging_mixin.py:117} INFO - [2022-11-12T06:50:12.101+0000] {dagbag.py:525} INFO - Filling up the DagBag from /opt/airflow/dags/task_dag.py
[2022-11-12T06:50:12.943+0000] {processor.py:768} INFO - DAG(s) dict_keys(['task_dag']) retrieved from /opt/airflow/dags/task_dag.py
[2022-11-12T06:50:13.725+0000] {logging_mixin.py:117} INFO - [2022-11-12T06:50:13.725+0000] {dag.py:2573} INFO - Sync 1 DAGs
[2022-11-12T06:50:14.538+0000] {logging_mixin.py:117} INFO - [2022-11-12T06:50:14.538+0000] {dag.py:3328} INFO - Setting next_dagrun for task_dag to None, run_after=None
[2022-11-12T06:50:14.809+0000] {processor.py:178} INFO - Processing /opt/airflow/dags/task_dag.py took 2.949 seconds
[2022-11-12T06:50:45.428+0000] {processor.py:156} INFO - Started process (PID=5530) to work on /opt/airflow/dags/task_dag.py
[2022-11-12T06:50:45.475+0000] {processor.py:758} INFO - Processing file /opt/airflow/dags/task_dag.py for tasks to queue
[2022-11-12T06:50:45.509+0000] {logging_mixin.py:117} INFO - [2022-11-12T06:50:45.495+0000] {dagbag.py:525} INFO - Filling up the DagBag from /opt/airflow/dags/task_dag.py
[2022-11-12T06:50:46.037+0000] {processor.py:768} INFO - DAG(s) dict_keys(['task_dag']) retrieved from /opt/airflow/dags/task_dag.py
[2022-11-12T06:50:46.623+0000] {logging_mixin.py:117} INFO - [2022-11-12T06:50:46.623+0000] {dag.py:2573} INFO - Sync 1 DAGs
[2022-11-12T06:50:47.010+0000] {logging_mixin.py:117} INFO - [2022-11-12T06:50:47.010+0000] {dag.py:3328} INFO - Setting next_dagrun for task_dag to None, run_after=None
[2022-11-12T06:50:47.968+0000] {processor.py:178} INFO - Processing /opt/airflow/dags/task_dag.py took 2.553 seconds
[2022-11-12T06:51:18.294+0000] {processor.py:156} INFO - Started process (PID=5543) to work on /opt/airflow/dags/task_dag.py
[2022-11-12T06:51:18.299+0000] {processor.py:758} INFO - Processing file /opt/airflow/dags/task_dag.py for tasks to queue
[2022-11-12T06:51:18.301+0000] {logging_mixin.py:117} INFO - [2022-11-12T06:51:18.301+0000] {dagbag.py:525} INFO - Filling up the DagBag from /opt/airflow/dags/task_dag.py
[2022-11-12T06:51:18.390+0000] {processor.py:768} INFO - DAG(s) dict_keys(['task_dag']) retrieved from /opt/airflow/dags/task_dag.py
[2022-11-12T06:51:18.542+0000] {logging_mixin.py:117} INFO - [2022-11-12T06:51:18.541+0000] {dag.py:2573} INFO - Sync 1 DAGs
[2022-11-12T06:51:18.686+0000] {logging_mixin.py:117} INFO - [2022-11-12T06:51:18.676+0000] {dag.py:3328} INFO - Setting next_dagrun for task_dag to None, run_after=None
[2022-11-12T06:51:18.848+0000] {processor.py:178} INFO - Processing /opt/airflow/dags/task_dag.py took 0.562 seconds
[2022-11-12T06:51:49.363+0000] {processor.py:156} INFO - Started process (PID=5577) to work on /opt/airflow/dags/task_dag.py
[2022-11-12T06:51:49.365+0000] {processor.py:758} INFO - Processing file /opt/airflow/dags/task_dag.py for tasks to queue
[2022-11-12T06:51:49.369+0000] {logging_mixin.py:117} INFO - [2022-11-12T06:51:49.368+0000] {dagbag.py:525} INFO - Filling up the DagBag from /opt/airflow/dags/task_dag.py
[2022-11-12T06:51:49.818+0000] {processor.py:768} INFO - DAG(s) dict_keys(['task_dag']) retrieved from /opt/airflow/dags/task_dag.py
[2022-11-12T06:51:50.819+0000] {logging_mixin.py:117} INFO - [2022-11-12T06:51:50.817+0000] {dag.py:2573} INFO - Sync 1 DAGs
[2022-11-12T06:51:51.079+0000] {logging_mixin.py:117} INFO - [2022-11-12T06:51:51.079+0000] {dag.py:3328} INFO - Setting next_dagrun for task_dag to None, run_after=None
[2022-11-12T06:51:51.234+0000] {processor.py:178} INFO - Processing /opt/airflow/dags/task_dag.py took 1.914 seconds
[2022-11-12T06:52:21.598+0000] {processor.py:156} INFO - Started process (PID=5602) to work on /opt/airflow/dags/task_dag.py
[2022-11-12T06:52:21.632+0000] {processor.py:758} INFO - Processing file /opt/airflow/dags/task_dag.py for tasks to queue
[2022-11-12T06:52:21.653+0000] {logging_mixin.py:117} INFO - [2022-11-12T06:52:21.653+0000] {dagbag.py:525} INFO - Filling up the DagBag from /opt/airflow/dags/task_dag.py
[2022-11-12T06:52:21.871+0000] {processor.py:768} INFO - DAG(s) dict_keys(['task_dag']) retrieved from /opt/airflow/dags/task_dag.py
[2022-11-12T06:52:22.071+0000] {logging_mixin.py:117} INFO - [2022-11-12T06:52:22.070+0000] {dag.py:2573} INFO - Sync 1 DAGs
[2022-11-12T06:52:22.153+0000] {logging_mixin.py:117} INFO - [2022-11-12T06:52:22.153+0000] {dag.py:3328} INFO - Setting next_dagrun for task_dag to None, run_after=None
[2022-11-12T06:52:22.229+0000] {processor.py:178} INFO - Processing /opt/airflow/dags/task_dag.py took 0.644 seconds
[2022-11-12T06:52:52.433+0000] {processor.py:156} INFO - Started process (PID=5627) to work on /opt/airflow/dags/task_dag.py
[2022-11-12T06:52:52.443+0000] {processor.py:758} INFO - Processing file /opt/airflow/dags/task_dag.py for tasks to queue
[2022-11-12T06:52:52.450+0000] {logging_mixin.py:117} INFO - [2022-11-12T06:52:52.449+0000] {dagbag.py:525} INFO - Filling up the DagBag from /opt/airflow/dags/task_dag.py
[2022-11-12T06:52:52.597+0000] {processor.py:768} INFO - DAG(s) dict_keys(['task_dag']) retrieved from /opt/airflow/dags/task_dag.py
[2022-11-12T06:52:53.025+0000] {logging_mixin.py:117} INFO - [2022-11-12T06:52:53.024+0000] {dag.py:2573} INFO - Sync 1 DAGs
[2022-11-12T06:52:53.225+0000] {logging_mixin.py:117} INFO - [2022-11-12T06:52:53.217+0000] {dag.py:3328} INFO - Setting next_dagrun for task_dag to None, run_after=None
[2022-11-12T06:52:53.348+0000] {processor.py:178} INFO - Processing /opt/airflow/dags/task_dag.py took 0.934 seconds
[2022-11-12T06:53:25.387+0000] {processor.py:156} INFO - Started process (PID=5649) to work on /opt/airflow/dags/task_dag.py
[2022-11-12T06:53:25.416+0000] {processor.py:758} INFO - Processing file /opt/airflow/dags/task_dag.py for tasks to queue
[2022-11-12T06:53:25.476+0000] {logging_mixin.py:117} INFO - [2022-11-12T06:53:25.435+0000] {dagbag.py:525} INFO - Filling up the DagBag from /opt/airflow/dags/task_dag.py
[2022-11-12T06:53:25.983+0000] {processor.py:768} INFO - DAG(s) dict_keys(['task_dag']) retrieved from /opt/airflow/dags/task_dag.py
[2022-11-12T06:53:26.426+0000] {logging_mixin.py:117} INFO - [2022-11-12T06:53:26.425+0000] {dag.py:2573} INFO - Sync 1 DAGs
[2022-11-12T06:53:26.867+0000] {logging_mixin.py:117} INFO - [2022-11-12T06:53:26.857+0000] {dag.py:3328} INFO - Setting next_dagrun for task_dag to None, run_after=None
[2022-11-12T06:53:27.388+0000] {processor.py:178} INFO - Processing /opt/airflow/dags/task_dag.py took 2.161 seconds
[2022-11-12T06:53:57.828+0000] {processor.py:156} INFO - Started process (PID=5667) to work on /opt/airflow/dags/task_dag.py
[2022-11-12T06:53:57.843+0000] {processor.py:758} INFO - Processing file /opt/airflow/dags/task_dag.py for tasks to queue
[2022-11-12T06:53:57.847+0000] {logging_mixin.py:117} INFO - [2022-11-12T06:53:57.847+0000] {dagbag.py:525} INFO - Filling up the DagBag from /opt/airflow/dags/task_dag.py
[2022-11-12T06:53:58.038+0000] {processor.py:768} INFO - DAG(s) dict_keys(['task_dag']) retrieved from /opt/airflow/dags/task_dag.py
[2022-11-12T06:53:58.412+0000] {logging_mixin.py:117} INFO - [2022-11-12T06:53:58.411+0000] {dag.py:2573} INFO - Sync 1 DAGs
[2022-11-12T06:53:58.642+0000] {logging_mixin.py:117} INFO - [2022-11-12T06:53:58.641+0000] {dag.py:3328} INFO - Setting next_dagrun for task_dag to None, run_after=None
[2022-11-12T06:53:58.726+0000] {processor.py:178} INFO - Processing /opt/airflow/dags/task_dag.py took 0.930 seconds
[2022-11-12T06:54:29.093+0000] {processor.py:156} INFO - Started process (PID=5690) to work on /opt/airflow/dags/task_dag.py
[2022-11-12T06:54:29.113+0000] {processor.py:758} INFO - Processing file /opt/airflow/dags/task_dag.py for tasks to queue
[2022-11-12T06:54:29.121+0000] {logging_mixin.py:117} INFO - [2022-11-12T06:54:29.120+0000] {dagbag.py:525} INFO - Filling up the DagBag from /opt/airflow/dags/task_dag.py
[2022-11-12T06:54:29.380+0000] {processor.py:768} INFO - DAG(s) dict_keys(['task_dag']) retrieved from /opt/airflow/dags/task_dag.py
[2022-11-12T06:54:29.596+0000] {logging_mixin.py:117} INFO - [2022-11-12T06:54:29.595+0000] {dag.py:2573} INFO - Sync 1 DAGs
[2022-11-12T06:54:29.738+0000] {logging_mixin.py:117} INFO - [2022-11-12T06:54:29.738+0000] {dag.py:3328} INFO - Setting next_dagrun for task_dag to None, run_after=None
[2022-11-12T06:54:30.190+0000] {processor.py:178} INFO - Processing /opt/airflow/dags/task_dag.py took 1.122 seconds
[2022-11-12T06:55:00.490+0000] {processor.py:156} INFO - Started process (PID=5713) to work on /opt/airflow/dags/task_dag.py
[2022-11-12T06:55:00.493+0000] {processor.py:758} INFO - Processing file /opt/airflow/dags/task_dag.py for tasks to queue
[2022-11-12T06:55:00.495+0000] {logging_mixin.py:117} INFO - [2022-11-12T06:55:00.495+0000] {dagbag.py:525} INFO - Filling up the DagBag from /opt/airflow/dags/task_dag.py
[2022-11-12T06:55:00.571+0000] {processor.py:768} INFO - DAG(s) dict_keys(['task_dag']) retrieved from /opt/airflow/dags/task_dag.py
[2022-11-12T06:55:00.705+0000] {logging_mixin.py:117} INFO - [2022-11-12T06:55:00.705+0000] {dag.py:2573} INFO - Sync 1 DAGs
[2022-11-12T06:55:00.940+0000] {logging_mixin.py:117} INFO - [2022-11-12T06:55:00.940+0000] {dag.py:3328} INFO - Setting next_dagrun for task_dag to None, run_after=None
[2022-11-12T06:55:00.994+0000] {processor.py:178} INFO - Processing /opt/airflow/dags/task_dag.py took 0.512 seconds
[2022-11-12T06:55:31.320+0000] {processor.py:156} INFO - Started process (PID=5745) to work on /opt/airflow/dags/task_dag.py
[2022-11-12T06:55:31.325+0000] {processor.py:758} INFO - Processing file /opt/airflow/dags/task_dag.py for tasks to queue
[2022-11-12T06:55:31.331+0000] {logging_mixin.py:117} INFO - [2022-11-12T06:55:31.330+0000] {dagbag.py:525} INFO - Filling up the DagBag from /opt/airflow/dags/task_dag.py
[2022-11-12T06:55:31.495+0000] {processor.py:768} INFO - DAG(s) dict_keys(['task_dag']) retrieved from /opt/airflow/dags/task_dag.py
[2022-11-12T06:55:31.714+0000] {logging_mixin.py:117} INFO - [2022-11-12T06:55:31.713+0000] {dag.py:2573} INFO - Sync 1 DAGs
[2022-11-12T06:55:32.237+0000] {logging_mixin.py:117} INFO - [2022-11-12T06:55:32.236+0000] {dag.py:3328} INFO - Setting next_dagrun for task_dag to None, run_after=None
[2022-11-12T06:55:32.493+0000] {processor.py:178} INFO - Processing /opt/airflow/dags/task_dag.py took 1.192 seconds
[2022-11-12T06:56:04.164+0000] {processor.py:156} INFO - Started process (PID=5770) to work on /opt/airflow/dags/task_dag.py
[2022-11-12T06:56:04.168+0000] {processor.py:758} INFO - Processing file /opt/airflow/dags/task_dag.py for tasks to queue
[2022-11-12T06:56:04.185+0000] {logging_mixin.py:117} INFO - [2022-11-12T06:56:04.184+0000] {dagbag.py:525} INFO - Filling up the DagBag from /opt/airflow/dags/task_dag.py
[2022-11-12T06:56:04.412+0000] {processor.py:768} INFO - DAG(s) dict_keys(['task_dag']) retrieved from /opt/airflow/dags/task_dag.py
[2022-11-12T06:56:04.870+0000] {logging_mixin.py:117} INFO - [2022-11-12T06:56:04.870+0000] {dag.py:2573} INFO - Sync 1 DAGs
[2022-11-12T06:56:05.168+0000] {logging_mixin.py:117} INFO - [2022-11-12T06:56:05.168+0000] {dag.py:3328} INFO - Setting next_dagrun for task_dag to None, run_after=None
[2022-11-12T06:56:05.384+0000] {processor.py:178} INFO - Processing /opt/airflow/dags/task_dag.py took 1.295 seconds
[2022-11-12T06:56:40.051+0000] {processor.py:156} INFO - Started process (PID=5790) to work on /opt/airflow/dags/task_dag.py
[2022-11-12T06:56:40.094+0000] {processor.py:758} INFO - Processing file /opt/airflow/dags/task_dag.py for tasks to queue
[2022-11-12T06:56:40.096+0000] {logging_mixin.py:117} INFO - [2022-11-12T06:56:40.096+0000] {dagbag.py:525} INFO - Filling up the DagBag from /opt/airflow/dags/task_dag.py
[2022-11-12T06:56:41.683+0000] {processor.py:768} INFO - DAG(s) dict_keys(['task_dag']) retrieved from /opt/airflow/dags/task_dag.py
[2022-11-12T06:56:42.406+0000] {logging_mixin.py:117} INFO - [2022-11-12T06:56:42.401+0000] {dag.py:2573} INFO - Sync 1 DAGs
[2022-11-12T06:56:42.976+0000] {logging_mixin.py:117} INFO - [2022-11-12T06:56:42.976+0000] {dag.py:3328} INFO - Setting next_dagrun for task_dag to None, run_after=None
[2022-11-12T06:56:43.415+0000] {processor.py:178} INFO - Processing /opt/airflow/dags/task_dag.py took 3.436 seconds
[2022-11-12T06:57:14.132+0000] {processor.py:156} INFO - Started process (PID=5806) to work on /opt/airflow/dags/task_dag.py
[2022-11-12T06:57:14.148+0000] {processor.py:758} INFO - Processing file /opt/airflow/dags/task_dag.py for tasks to queue
[2022-11-12T06:57:14.183+0000] {logging_mixin.py:117} INFO - [2022-11-12T06:57:14.171+0000] {dagbag.py:525} INFO - Filling up the DagBag from /opt/airflow/dags/task_dag.py
[2022-11-12T06:57:14.507+0000] {processor.py:768} INFO - DAG(s) dict_keys(['task_dag']) retrieved from /opt/airflow/dags/task_dag.py
[2022-11-12T06:57:14.698+0000] {logging_mixin.py:117} INFO - [2022-11-12T06:57:14.698+0000] {dag.py:2573} INFO - Sync 1 DAGs
[2022-11-12T06:57:14.870+0000] {logging_mixin.py:117} INFO - [2022-11-12T06:57:14.869+0000] {dag.py:3328} INFO - Setting next_dagrun for task_dag to None, run_after=None
[2022-11-12T06:57:15.078+0000] {processor.py:178} INFO - Processing /opt/airflow/dags/task_dag.py took 0.988 seconds
[2022-11-12T06:57:45.422+0000] {processor.py:156} INFO - Started process (PID=5830) to work on /opt/airflow/dags/task_dag.py
[2022-11-12T06:57:45.424+0000] {processor.py:758} INFO - Processing file /opt/airflow/dags/task_dag.py for tasks to queue
[2022-11-12T06:57:45.426+0000] {logging_mixin.py:117} INFO - [2022-11-12T06:57:45.425+0000] {dagbag.py:525} INFO - Filling up the DagBag from /opt/airflow/dags/task_dag.py
[2022-11-12T06:57:45.723+0000] {processor.py:768} INFO - DAG(s) dict_keys(['task_dag']) retrieved from /opt/airflow/dags/task_dag.py
[2022-11-12T06:57:46.020+0000] {logging_mixin.py:117} INFO - [2022-11-12T06:57:46.019+0000] {dag.py:2573} INFO - Sync 1 DAGs
[2022-11-12T06:57:46.225+0000] {logging_mixin.py:117} INFO - [2022-11-12T06:57:46.225+0000] {dag.py:3328} INFO - Setting next_dagrun for task_dag to None, run_after=None
[2022-11-12T06:57:46.280+0000] {processor.py:178} INFO - Processing /opt/airflow/dags/task_dag.py took 0.873 seconds
[2022-11-12T06:58:16.604+0000] {processor.py:156} INFO - Started process (PID=5860) to work on /opt/airflow/dags/task_dag.py
[2022-11-12T06:58:16.610+0000] {processor.py:758} INFO - Processing file /opt/airflow/dags/task_dag.py for tasks to queue
[2022-11-12T06:58:16.620+0000] {logging_mixin.py:117} INFO - [2022-11-12T06:58:16.620+0000] {dagbag.py:525} INFO - Filling up the DagBag from /opt/airflow/dags/task_dag.py
[2022-11-12T06:58:17.093+0000] {processor.py:768} INFO - DAG(s) dict_keys(['task_dag']) retrieved from /opt/airflow/dags/task_dag.py
[2022-11-12T06:58:17.486+0000] {logging_mixin.py:117} INFO - [2022-11-12T06:58:17.486+0000] {dag.py:2573} INFO - Sync 1 DAGs
[2022-11-12T06:58:17.637+0000] {logging_mixin.py:117} INFO - [2022-11-12T06:58:17.637+0000] {dag.py:3328} INFO - Setting next_dagrun for task_dag to None, run_after=None
[2022-11-12T06:58:17.742+0000] {processor.py:178} INFO - Processing /opt/airflow/dags/task_dag.py took 1.161 seconds
