[2022-11-12T05:23:39.232+0000] {processor.py:156} INFO - Started process (PID=1762) to work on /opt/airflow/dags/xcom_dag.py
[2022-11-12T05:23:39.237+0000] {processor.py:758} INFO - Processing file /opt/airflow/dags/xcom_dag.py for tasks to queue
[2022-11-12T05:23:39.242+0000] {logging_mixin.py:117} INFO - [2022-11-12T05:23:39.242+0000] {dagbag.py:525} INFO - Filling up the DagBag from /opt/airflow/dags/xcom_dag.py
[2022-11-12T05:23:40.258+0000] {processor.py:768} INFO - DAG(s) dict_keys(['python_dag']) retrieved from /opt/airflow/dags/xcom_dag.py
[2022-11-12T05:23:43.251+0000] {logging_mixin.py:117} INFO - [2022-11-12T05:23:43.231+0000] {dag.py:2573} INFO - Sync 1 DAGs
[2022-11-12T05:23:45.122+0000] {logging_mixin.py:117} INFO - [2022-11-12T05:23:45.109+0000] {dag.py:3328} INFO - Setting next_dagrun for python_dag to None, run_after=None
[2022-11-12T05:23:46.611+0000] {processor.py:178} INFO - Processing /opt/airflow/dags/xcom_dag.py took 7.392 seconds
[2022-11-12T05:23:55.080+0000] {processor.py:156} INFO - Started process (PID=1773) to work on /opt/airflow/dags/xcom_dag.py
[2022-11-12T05:23:55.089+0000] {processor.py:758} INFO - Processing file /opt/airflow/dags/xcom_dag.py for tasks to queue
[2022-11-12T05:23:55.092+0000] {logging_mixin.py:117} INFO - [2022-11-12T05:23:55.092+0000] {dagbag.py:525} INFO - Filling up the DagBag from /opt/airflow/dags/xcom_dag.py
[2022-11-12T05:23:55.300+0000] {processor.py:768} INFO - DAG(s) dict_keys(['xcom_dag']) retrieved from /opt/airflow/dags/xcom_dag.py
[2022-11-12T05:23:56.590+0000] {logging_mixin.py:117} INFO - [2022-11-12T05:23:56.589+0000] {manager.py:508} INFO - Created Permission View: can delete on DAG:xcom_dag
[2022-11-12T05:23:56.733+0000] {logging_mixin.py:117} INFO - [2022-11-12T05:23:56.733+0000] {manager.py:508} INFO - Created Permission View: can edit on DAG:xcom_dag
[2022-11-12T05:23:56.772+0000] {logging_mixin.py:117} INFO - [2022-11-12T05:23:56.772+0000] {manager.py:508} INFO - Created Permission View: can read on DAG:xcom_dag
[2022-11-12T05:23:56.775+0000] {logging_mixin.py:117} INFO - [2022-11-12T05:23:56.774+0000] {dag.py:2573} INFO - Sync 1 DAGs
[2022-11-12T05:23:56.888+0000] {logging_mixin.py:117} INFO - [2022-11-12T05:23:56.888+0000] {dag.py:2594} INFO - Creating ORM DAG for xcom_dag
[2022-11-12T05:23:57.051+0000] {logging_mixin.py:117} INFO - [2022-11-12T05:23:57.051+0000] {dag.py:3328} INFO - Setting next_dagrun for xcom_dag to None, run_after=None
[2022-11-12T05:23:57.387+0000] {processor.py:178} INFO - Processing /opt/airflow/dags/xcom_dag.py took 2.463 seconds
[2022-11-12T05:24:27.953+0000] {processor.py:156} INFO - Started process (PID=1794) to work on /opt/airflow/dags/xcom_dag.py
[2022-11-12T05:24:27.955+0000] {processor.py:758} INFO - Processing file /opt/airflow/dags/xcom_dag.py for tasks to queue
[2022-11-12T05:24:27.957+0000] {logging_mixin.py:117} INFO - [2022-11-12T05:24:27.957+0000] {dagbag.py:525} INFO - Filling up the DagBag from /opt/airflow/dags/xcom_dag.py
[2022-11-12T05:24:27.998+0000] {processor.py:768} INFO - DAG(s) dict_keys(['xcom_dag']) retrieved from /opt/airflow/dags/xcom_dag.py
[2022-11-12T05:24:28.065+0000] {logging_mixin.py:117} INFO - [2022-11-12T05:24:28.065+0000] {dag.py:2573} INFO - Sync 1 DAGs
[2022-11-12T05:24:28.115+0000] {logging_mixin.py:117} INFO - [2022-11-12T05:24:28.115+0000] {dag.py:3328} INFO - Setting next_dagrun for xcom_dag to None, run_after=None
[2022-11-12T05:24:28.149+0000] {processor.py:178} INFO - Processing /opt/airflow/dags/xcom_dag.py took 0.202 seconds
[2022-11-12T05:24:34.177+0000] {processor.py:156} INFO - Started process (PID=1795) to work on /opt/airflow/dags/xcom_dag.py
[2022-11-12T05:24:34.179+0000] {processor.py:758} INFO - Processing file /opt/airflow/dags/xcom_dag.py for tasks to queue
[2022-11-12T05:24:34.181+0000] {logging_mixin.py:117} INFO - [2022-11-12T05:24:34.181+0000] {dagbag.py:525} INFO - Filling up the DagBag from /opt/airflow/dags/xcom_dag.py
[2022-11-12T05:24:34.276+0000] {processor.py:768} INFO - DAG(s) dict_keys(['xcom_dag']) retrieved from /opt/airflow/dags/xcom_dag.py
[2022-11-12T05:24:34.570+0000] {logging_mixin.py:117} INFO - [2022-11-12T05:24:34.569+0000] {dag.py:2573} INFO - Sync 1 DAGs
[2022-11-12T05:24:34.612+0000] {logging_mixin.py:117} INFO - [2022-11-12T05:24:34.612+0000] {dag.py:3328} INFO - Setting next_dagrun for xcom_dag to None, run_after=None
[2022-11-12T05:24:34.664+0000] {processor.py:178} INFO - Processing /opt/airflow/dags/xcom_dag.py took 0.497 seconds
[2022-11-12T05:25:05.304+0000] {processor.py:156} INFO - Started process (PID=1820) to work on /opt/airflow/dags/xcom_dag.py
[2022-11-12T05:25:05.321+0000] {processor.py:758} INFO - Processing file /opt/airflow/dags/xcom_dag.py for tasks to queue
[2022-11-12T05:25:05.337+0000] {logging_mixin.py:117} INFO - [2022-11-12T05:25:05.337+0000] {dagbag.py:525} INFO - Filling up the DagBag from /opt/airflow/dags/xcom_dag.py
[2022-11-12T05:25:06.031+0000] {processor.py:768} INFO - DAG(s) dict_keys(['xcom_dag']) retrieved from /opt/airflow/dags/xcom_dag.py
[2022-11-12T05:25:07.058+0000] {logging_mixin.py:117} INFO - [2022-11-12T05:25:07.022+0000] {dag.py:2573} INFO - Sync 1 DAGs
[2022-11-12T05:25:07.516+0000] {logging_mixin.py:117} INFO - [2022-11-12T05:25:07.515+0000] {dag.py:3328} INFO - Setting next_dagrun for xcom_dag to None, run_after=None
[2022-11-12T05:25:07.926+0000] {processor.py:178} INFO - Processing /opt/airflow/dags/xcom_dag.py took 2.650 seconds
[2022-11-12T05:25:38.974+0000] {processor.py:156} INFO - Started process (PID=1842) to work on /opt/airflow/dags/xcom_dag.py
[2022-11-12T05:25:38.977+0000] {processor.py:758} INFO - Processing file /opt/airflow/dags/xcom_dag.py for tasks to queue
[2022-11-12T05:25:38.980+0000] {logging_mixin.py:117} INFO - [2022-11-12T05:25:38.979+0000] {dagbag.py:525} INFO - Filling up the DagBag from /opt/airflow/dags/xcom_dag.py
[2022-11-12T05:25:39.080+0000] {processor.py:768} INFO - DAG(s) dict_keys(['xcom_dag']) retrieved from /opt/airflow/dags/xcom_dag.py
[2022-11-12T05:25:39.148+0000] {logging_mixin.py:117} INFO - [2022-11-12T05:25:39.148+0000] {dag.py:2573} INFO - Sync 1 DAGs
[2022-11-12T05:25:39.221+0000] {logging_mixin.py:117} INFO - [2022-11-12T05:25:39.221+0000] {dag.py:3328} INFO - Setting next_dagrun for xcom_dag to None, run_after=None
[2022-11-12T05:25:39.281+0000] {processor.py:178} INFO - Processing /opt/airflow/dags/xcom_dag.py took 0.316 seconds
[2022-11-12T05:26:10.172+0000] {processor.py:156} INFO - Started process (PID=1865) to work on /opt/airflow/dags/xcom_dag.py
[2022-11-12T05:26:10.176+0000] {processor.py:758} INFO - Processing file /opt/airflow/dags/xcom_dag.py for tasks to queue
[2022-11-12T05:26:10.180+0000] {logging_mixin.py:117} INFO - [2022-11-12T05:26:10.179+0000] {dagbag.py:525} INFO - Filling up the DagBag from /opt/airflow/dags/xcom_dag.py
[2022-11-12T05:26:10.248+0000] {processor.py:768} INFO - DAG(s) dict_keys(['xcom_dag']) retrieved from /opt/airflow/dags/xcom_dag.py
[2022-11-12T05:26:10.329+0000] {logging_mixin.py:117} INFO - [2022-11-12T05:26:10.329+0000] {dag.py:2573} INFO - Sync 1 DAGs
[2022-11-12T05:26:10.372+0000] {logging_mixin.py:117} INFO - [2022-11-12T05:26:10.371+0000] {dag.py:3328} INFO - Setting next_dagrun for xcom_dag to None, run_after=None
[2022-11-12T05:26:10.428+0000] {processor.py:178} INFO - Processing /opt/airflow/dags/xcom_dag.py took 0.270 seconds
[2022-11-12T05:26:14.446+0000] {processor.py:156} INFO - Started process (PID=1876) to work on /opt/airflow/dags/xcom_dag.py
[2022-11-12T05:26:14.449+0000] {processor.py:758} INFO - Processing file /opt/airflow/dags/xcom_dag.py for tasks to queue
[2022-11-12T05:26:14.452+0000] {logging_mixin.py:117} INFO - [2022-11-12T05:26:14.451+0000] {dagbag.py:525} INFO - Filling up the DagBag from /opt/airflow/dags/xcom_dag.py
[2022-11-12T05:26:14.565+0000] {processor.py:768} INFO - DAG(s) dict_keys(['xcom_dag']) retrieved from /opt/airflow/dags/xcom_dag.py
[2022-11-12T05:26:14.811+0000] {logging_mixin.py:117} INFO - [2022-11-12T05:26:14.810+0000] {dag.py:2573} INFO - Sync 1 DAGs
[2022-11-12T05:26:14.949+0000] {logging_mixin.py:117} INFO - [2022-11-12T05:26:14.948+0000] {dag.py:3328} INFO - Setting next_dagrun for xcom_dag to None, run_after=None
[2022-11-12T05:26:15.022+0000] {processor.py:178} INFO - Processing /opt/airflow/dags/xcom_dag.py took 0.590 seconds
[2022-11-12T05:26:20.653+0000] {processor.py:156} INFO - Started process (PID=1877) to work on /opt/airflow/dags/xcom_dag.py
[2022-11-12T05:26:20.658+0000] {processor.py:758} INFO - Processing file /opt/airflow/dags/xcom_dag.py for tasks to queue
[2022-11-12T05:26:20.662+0000] {logging_mixin.py:117} INFO - [2022-11-12T05:26:20.662+0000] {dagbag.py:525} INFO - Filling up the DagBag from /opt/airflow/dags/xcom_dag.py
[2022-11-12T05:26:20.860+0000] {processor.py:768} INFO - DAG(s) dict_keys(['xcom_dag']) retrieved from /opt/airflow/dags/xcom_dag.py
[2022-11-12T05:26:21.029+0000] {logging_mixin.py:117} INFO - [2022-11-12T05:26:21.029+0000] {dag.py:2573} INFO - Sync 1 DAGs
[2022-11-12T05:26:21.271+0000] {logging_mixin.py:117} INFO - [2022-11-12T05:26:21.271+0000] {dag.py:3328} INFO - Setting next_dagrun for xcom_dag to None, run_after=None
[2022-11-12T05:26:21.405+0000] {processor.py:178} INFO - Processing /opt/airflow/dags/xcom_dag.py took 0.770 seconds
[2022-11-12T05:26:51.628+0000] {processor.py:156} INFO - Started process (PID=1905) to work on /opt/airflow/dags/xcom_dag.py
[2022-11-12T05:26:51.637+0000] {processor.py:758} INFO - Processing file /opt/airflow/dags/xcom_dag.py for tasks to queue
[2022-11-12T05:26:51.641+0000] {logging_mixin.py:117} INFO - [2022-11-12T05:26:51.640+0000] {dagbag.py:525} INFO - Filling up the DagBag from /opt/airflow/dags/xcom_dag.py
[2022-11-12T05:26:51.944+0000] {processor.py:768} INFO - DAG(s) dict_keys(['xcom_dag']) retrieved from /opt/airflow/dags/xcom_dag.py
[2022-11-12T05:26:52.398+0000] {logging_mixin.py:117} INFO - [2022-11-12T05:26:52.397+0000] {dag.py:2573} INFO - Sync 1 DAGs
[2022-11-12T05:26:52.943+0000] {logging_mixin.py:117} INFO - [2022-11-12T05:26:52.943+0000] {dag.py:3328} INFO - Setting next_dagrun for xcom_dag to None, run_after=None
[2022-11-12T05:26:53.345+0000] {processor.py:178} INFO - Processing /opt/airflow/dags/xcom_dag.py took 1.756 seconds
[2022-11-12T05:27:24.353+0000] {processor.py:156} INFO - Started process (PID=1919) to work on /opt/airflow/dags/xcom_dag.py
[2022-11-12T05:27:24.370+0000] {processor.py:758} INFO - Processing file /opt/airflow/dags/xcom_dag.py for tasks to queue
[2022-11-12T05:27:24.374+0000] {logging_mixin.py:117} INFO - [2022-11-12T05:27:24.373+0000] {dagbag.py:525} INFO - Filling up the DagBag from /opt/airflow/dags/xcom_dag.py
[2022-11-12T05:27:24.600+0000] {processor.py:768} INFO - DAG(s) dict_keys(['xcom_dag']) retrieved from /opt/airflow/dags/xcom_dag.py
[2022-11-12T05:27:25.881+0000] {logging_mixin.py:117} INFO - [2022-11-12T05:27:25.881+0000] {dag.py:2573} INFO - Sync 1 DAGs
[2022-11-12T05:27:26.572+0000] {logging_mixin.py:117} INFO - [2022-11-12T05:27:26.571+0000] {dag.py:3328} INFO - Setting next_dagrun for xcom_dag to None, run_after=None
[2022-11-12T05:27:27.315+0000] {processor.py:178} INFO - Processing /opt/airflow/dags/xcom_dag.py took 2.984 seconds
[2022-11-12T05:27:58.520+0000] {processor.py:156} INFO - Started process (PID=1951) to work on /opt/airflow/dags/xcom_dag.py
[2022-11-12T05:27:58.523+0000] {processor.py:758} INFO - Processing file /opt/airflow/dags/xcom_dag.py for tasks to queue
[2022-11-12T05:27:58.528+0000] {logging_mixin.py:117} INFO - [2022-11-12T05:27:58.527+0000] {dagbag.py:525} INFO - Filling up the DagBag from /opt/airflow/dags/xcom_dag.py
[2022-11-12T05:27:58.611+0000] {processor.py:768} INFO - DAG(s) dict_keys(['xcom_dag']) retrieved from /opt/airflow/dags/xcom_dag.py
[2022-11-12T05:27:58.811+0000] {logging_mixin.py:117} INFO - [2022-11-12T05:27:58.811+0000] {dag.py:2573} INFO - Sync 1 DAGs
[2022-11-12T05:27:59.057+0000] {logging_mixin.py:117} INFO - [2022-11-12T05:27:59.057+0000] {dag.py:3328} INFO - Setting next_dagrun for xcom_dag to None, run_after=None
[2022-11-12T05:27:59.122+0000] {processor.py:178} INFO - Processing /opt/airflow/dags/xcom_dag.py took 0.627 seconds
[2022-11-12T05:28:29.289+0000] {processor.py:156} INFO - Started process (PID=1972) to work on /opt/airflow/dags/xcom_dag.py
[2022-11-12T05:28:29.294+0000] {processor.py:758} INFO - Processing file /opt/airflow/dags/xcom_dag.py for tasks to queue
[2022-11-12T05:28:29.296+0000] {logging_mixin.py:117} INFO - [2022-11-12T05:28:29.296+0000] {dagbag.py:525} INFO - Filling up the DagBag from /opt/airflow/dags/xcom_dag.py
[2022-11-12T05:28:29.401+0000] {processor.py:768} INFO - DAG(s) dict_keys(['xcom_dag']) retrieved from /opt/airflow/dags/xcom_dag.py
[2022-11-12T05:28:29.515+0000] {logging_mixin.py:117} INFO - [2022-11-12T05:28:29.515+0000] {dag.py:2573} INFO - Sync 1 DAGs
[2022-11-12T05:28:29.572+0000] {logging_mixin.py:117} INFO - [2022-11-12T05:28:29.572+0000] {dag.py:3328} INFO - Setting next_dagrun for xcom_dag to None, run_after=None
[2022-11-12T05:28:29.605+0000] {processor.py:178} INFO - Processing /opt/airflow/dags/xcom_dag.py took 0.330 seconds
[2022-11-12T05:28:31.712+0000] {processor.py:156} INFO - Started process (PID=1975) to work on /opt/airflow/dags/xcom_dag.py
[2022-11-12T05:28:31.719+0000] {processor.py:758} INFO - Processing file /opt/airflow/dags/xcom_dag.py for tasks to queue
[2022-11-12T05:28:31.733+0000] {logging_mixin.py:117} INFO - [2022-11-12T05:28:31.729+0000] {dagbag.py:525} INFO - Filling up the DagBag from /opt/airflow/dags/xcom_dag.py
[2022-11-12T05:28:31.864+0000] {processor.py:768} INFO - DAG(s) dict_keys(['xcom_dag']) retrieved from /opt/airflow/dags/xcom_dag.py
[2022-11-12T05:28:31.979+0000] {logging_mixin.py:117} INFO - [2022-11-12T05:28:31.979+0000] {dag.py:2573} INFO - Sync 1 DAGs
[2022-11-12T05:28:32.041+0000] {logging_mixin.py:117} INFO - [2022-11-12T05:28:32.040+0000] {dag.py:3328} INFO - Setting next_dagrun for xcom_dag to None, run_after=None
[2022-11-12T05:28:32.117+0000] {processor.py:178} INFO - Processing /opt/airflow/dags/xcom_dag.py took 0.443 seconds
[2022-11-12T05:29:07.184+0000] {processor.py:156} INFO - Started process (PID=1995) to work on /opt/airflow/dags/xcom_dag.py
[2022-11-12T05:29:07.195+0000] {processor.py:758} INFO - Processing file /opt/airflow/dags/xcom_dag.py for tasks to queue
[2022-11-12T05:29:07.206+0000] {logging_mixin.py:117} INFO - [2022-11-12T05:29:07.203+0000] {dagbag.py:525} INFO - Filling up the DagBag from /opt/airflow/dags/xcom_dag.py
[2022-11-12T05:29:07.456+0000] {processor.py:768} INFO - DAG(s) dict_keys(['xcom_dag']) retrieved from /opt/airflow/dags/xcom_dag.py
[2022-11-12T05:29:07.932+0000] {logging_mixin.py:117} INFO - [2022-11-12T05:29:07.932+0000] {dag.py:2573} INFO - Sync 1 DAGs
[2022-11-12T05:29:08.202+0000] {logging_mixin.py:117} INFO - [2022-11-12T05:29:08.201+0000] {dag.py:3328} INFO - Setting next_dagrun for xcom_dag to None, run_after=None
[2022-11-12T05:29:08.349+0000] {processor.py:178} INFO - Processing /opt/airflow/dags/xcom_dag.py took 1.200 seconds
[2022-11-12T05:29:38.584+0000] {processor.py:156} INFO - Started process (PID=2016) to work on /opt/airflow/dags/xcom_dag.py
[2022-11-12T05:29:38.586+0000] {processor.py:758} INFO - Processing file /opt/airflow/dags/xcom_dag.py for tasks to queue
[2022-11-12T05:29:38.590+0000] {logging_mixin.py:117} INFO - [2022-11-12T05:29:38.589+0000] {dagbag.py:525} INFO - Filling up the DagBag from /opt/airflow/dags/xcom_dag.py
[2022-11-12T05:29:38.626+0000] {processor.py:768} INFO - DAG(s) dict_keys(['xcom_dag']) retrieved from /opt/airflow/dags/xcom_dag.py
[2022-11-12T05:29:38.694+0000] {logging_mixin.py:117} INFO - [2022-11-12T05:29:38.693+0000] {dag.py:2573} INFO - Sync 1 DAGs
[2022-11-12T05:29:38.741+0000] {logging_mixin.py:117} INFO - [2022-11-12T05:29:38.741+0000] {dag.py:3328} INFO - Setting next_dagrun for xcom_dag to None, run_after=None
[2022-11-12T05:29:38.789+0000] {processor.py:178} INFO - Processing /opt/airflow/dags/xcom_dag.py took 0.212 seconds
[2022-11-12T05:30:09.225+0000] {processor.py:156} INFO - Started process (PID=2038) to work on /opt/airflow/dags/xcom_dag.py
[2022-11-12T05:30:09.228+0000] {processor.py:758} INFO - Processing file /opt/airflow/dags/xcom_dag.py for tasks to queue
[2022-11-12T05:30:09.231+0000] {logging_mixin.py:117} INFO - [2022-11-12T05:30:09.230+0000] {dagbag.py:525} INFO - Filling up the DagBag from /opt/airflow/dags/xcom_dag.py
[2022-11-12T05:30:09.268+0000] {processor.py:768} INFO - DAG(s) dict_keys(['xcom_dag']) retrieved from /opt/airflow/dags/xcom_dag.py
[2022-11-12T05:30:09.333+0000] {logging_mixin.py:117} INFO - [2022-11-12T05:30:09.333+0000] {dag.py:2573} INFO - Sync 1 DAGs
[2022-11-12T05:30:09.375+0000] {logging_mixin.py:117} INFO - [2022-11-12T05:30:09.375+0000] {dag.py:3328} INFO - Setting next_dagrun for xcom_dag to None, run_after=None
[2022-11-12T05:30:09.417+0000] {processor.py:178} INFO - Processing /opt/airflow/dags/xcom_dag.py took 0.200 seconds
[2022-11-12T05:30:40.313+0000] {processor.py:156} INFO - Started process (PID=2064) to work on /opt/airflow/dags/xcom_dag.py
[2022-11-12T05:30:40.322+0000] {processor.py:758} INFO - Processing file /opt/airflow/dags/xcom_dag.py for tasks to queue
[2022-11-12T05:30:40.326+0000] {logging_mixin.py:117} INFO - [2022-11-12T05:30:40.325+0000] {dagbag.py:525} INFO - Filling up the DagBag from /opt/airflow/dags/xcom_dag.py
[2022-11-12T05:30:40.412+0000] {processor.py:768} INFO - DAG(s) dict_keys(['xcom_dag']) retrieved from /opt/airflow/dags/xcom_dag.py
[2022-11-12T05:30:40.544+0000] {logging_mixin.py:117} INFO - [2022-11-12T05:30:40.544+0000] {dag.py:2573} INFO - Sync 1 DAGs
[2022-11-12T05:30:40.610+0000] {logging_mixin.py:117} INFO - [2022-11-12T05:30:40.609+0000] {dag.py:3328} INFO - Setting next_dagrun for xcom_dag to None, run_after=None
[2022-11-12T05:30:40.664+0000] {processor.py:178} INFO - Processing /opt/airflow/dags/xcom_dag.py took 0.370 seconds
[2022-11-12T05:31:11.145+0000] {processor.py:156} INFO - Started process (PID=2084) to work on /opt/airflow/dags/xcom_dag.py
[2022-11-12T05:31:11.209+0000] {processor.py:758} INFO - Processing file /opt/airflow/dags/xcom_dag.py for tasks to queue
[2022-11-12T05:31:11.231+0000] {logging_mixin.py:117} INFO - [2022-11-12T05:31:11.213+0000] {dagbag.py:525} INFO - Filling up the DagBag from /opt/airflow/dags/xcom_dag.py
[2022-11-12T05:31:11.735+0000] {processor.py:768} INFO - DAG(s) dict_keys(['xcom_dag']) retrieved from /opt/airflow/dags/xcom_dag.py
[2022-11-12T05:31:12.343+0000] {logging_mixin.py:117} INFO - [2022-11-12T05:31:12.343+0000] {dag.py:2573} INFO - Sync 1 DAGs
[2022-11-12T05:31:12.624+0000] {logging_mixin.py:117} INFO - [2022-11-12T05:31:12.623+0000] {dag.py:3328} INFO - Setting next_dagrun for xcom_dag to None, run_after=None
[2022-11-12T05:31:12.890+0000] {processor.py:178} INFO - Processing /opt/airflow/dags/xcom_dag.py took 1.851 seconds
[2022-11-12T05:31:43.287+0000] {processor.py:156} INFO - Started process (PID=2105) to work on /opt/airflow/dags/xcom_dag.py
[2022-11-12T05:31:43.300+0000] {processor.py:758} INFO - Processing file /opt/airflow/dags/xcom_dag.py for tasks to queue
[2022-11-12T05:31:43.307+0000] {logging_mixin.py:117} INFO - [2022-11-12T05:31:43.306+0000] {dagbag.py:525} INFO - Filling up the DagBag from /opt/airflow/dags/xcom_dag.py
[2022-11-12T05:31:43.383+0000] {processor.py:768} INFO - DAG(s) dict_keys(['xcom_dag']) retrieved from /opt/airflow/dags/xcom_dag.py
[2022-11-12T05:31:43.636+0000] {logging_mixin.py:117} INFO - [2022-11-12T05:31:43.636+0000] {dag.py:2573} INFO - Sync 1 DAGs
[2022-11-12T05:31:43.812+0000] {logging_mixin.py:117} INFO - [2022-11-12T05:31:43.809+0000] {dag.py:3328} INFO - Setting next_dagrun for xcom_dag to None, run_after=None
[2022-11-12T05:31:43.913+0000] {processor.py:178} INFO - Processing /opt/airflow/dags/xcom_dag.py took 0.647 seconds
[2022-11-12T05:32:14.011+0000] {processor.py:156} INFO - Started process (PID=2136) to work on /opt/airflow/dags/xcom_dag.py
[2022-11-12T05:32:14.013+0000] {processor.py:758} INFO - Processing file /opt/airflow/dags/xcom_dag.py for tasks to queue
[2022-11-12T05:32:14.016+0000] {logging_mixin.py:117} INFO - [2022-11-12T05:32:14.015+0000] {dagbag.py:525} INFO - Filling up the DagBag from /opt/airflow/dags/xcom_dag.py
[2022-11-12T05:32:14.053+0000] {processor.py:768} INFO - DAG(s) dict_keys(['xcom_dag']) retrieved from /opt/airflow/dags/xcom_dag.py
[2022-11-12T05:32:14.181+0000] {logging_mixin.py:117} INFO - [2022-11-12T05:32:14.181+0000] {dag.py:2573} INFO - Sync 1 DAGs
[2022-11-12T05:32:14.230+0000] {logging_mixin.py:117} INFO - [2022-11-12T05:32:14.229+0000] {dag.py:3328} INFO - Setting next_dagrun for xcom_dag to None, run_after=None
[2022-11-12T05:32:14.277+0000] {processor.py:178} INFO - Processing /opt/airflow/dags/xcom_dag.py took 0.279 seconds
[2022-11-12T05:32:44.977+0000] {processor.py:156} INFO - Started process (PID=2157) to work on /opt/airflow/dags/xcom_dag.py
[2022-11-12T05:32:44.985+0000] {processor.py:758} INFO - Processing file /opt/airflow/dags/xcom_dag.py for tasks to queue
[2022-11-12T05:32:45.013+0000] {logging_mixin.py:117} INFO - [2022-11-12T05:32:45.012+0000] {dagbag.py:525} INFO - Filling up the DagBag from /opt/airflow/dags/xcom_dag.py
[2022-11-12T05:32:45.278+0000] {processor.py:768} INFO - DAG(s) dict_keys(['xcom_dag']) retrieved from /opt/airflow/dags/xcom_dag.py
[2022-11-12T05:32:45.486+0000] {logging_mixin.py:117} INFO - [2022-11-12T05:32:45.485+0000] {dag.py:2573} INFO - Sync 1 DAGs
[2022-11-12T05:32:45.867+0000] {logging_mixin.py:117} INFO - [2022-11-12T05:32:45.867+0000] {dag.py:3328} INFO - Setting next_dagrun for xcom_dag to None, run_after=None
[2022-11-12T05:32:46.370+0000] {processor.py:178} INFO - Processing /opt/airflow/dags/xcom_dag.py took 1.420 seconds
[2022-11-12T05:33:17.569+0000] {processor.py:156} INFO - Started process (PID=2180) to work on /opt/airflow/dags/xcom_dag.py
[2022-11-12T05:33:17.748+0000] {processor.py:758} INFO - Processing file /opt/airflow/dags/xcom_dag.py for tasks to queue
[2022-11-12T05:33:17.791+0000] {logging_mixin.py:117} INFO - [2022-11-12T05:33:17.786+0000] {dagbag.py:525} INFO - Filling up the DagBag from /opt/airflow/dags/xcom_dag.py
[2022-11-12T05:33:18.196+0000] {processor.py:768} INFO - DAG(s) dict_keys(['xcom_dag']) retrieved from /opt/airflow/dags/xcom_dag.py
[2022-11-12T05:33:18.950+0000] {logging_mixin.py:117} INFO - [2022-11-12T05:33:18.949+0000] {dag.py:2573} INFO - Sync 1 DAGs
[2022-11-12T05:33:19.432+0000] {logging_mixin.py:117} INFO - [2022-11-12T05:33:19.420+0000] {dag.py:3328} INFO - Setting next_dagrun for xcom_dag to None, run_after=None
[2022-11-12T05:33:19.880+0000] {processor.py:178} INFO - Processing /opt/airflow/dags/xcom_dag.py took 2.390 seconds
[2022-11-12T05:33:50.376+0000] {processor.py:156} INFO - Started process (PID=2214) to work on /opt/airflow/dags/xcom_dag.py
[2022-11-12T05:33:50.380+0000] {processor.py:758} INFO - Processing file /opt/airflow/dags/xcom_dag.py for tasks to queue
[2022-11-12T05:33:50.386+0000] {logging_mixin.py:117} INFO - [2022-11-12T05:33:50.382+0000] {dagbag.py:525} INFO - Filling up the DagBag from /opt/airflow/dags/xcom_dag.py
[2022-11-12T05:33:50.454+0000] {processor.py:768} INFO - DAG(s) dict_keys(['xcom_dag']) retrieved from /opt/airflow/dags/xcom_dag.py
[2022-11-12T05:33:50.817+0000] {logging_mixin.py:117} INFO - [2022-11-12T05:33:50.817+0000] {dag.py:2573} INFO - Sync 1 DAGs
[2022-11-12T05:33:51.138+0000] {logging_mixin.py:117} INFO - [2022-11-12T05:33:51.138+0000] {dag.py:3328} INFO - Setting next_dagrun for xcom_dag to None, run_after=None
[2022-11-12T05:33:51.313+0000] {processor.py:178} INFO - Processing /opt/airflow/dags/xcom_dag.py took 0.947 seconds
[2022-11-12T05:34:21.655+0000] {processor.py:156} INFO - Started process (PID=2241) to work on /opt/airflow/dags/xcom_dag.py
[2022-11-12T05:34:21.661+0000] {processor.py:758} INFO - Processing file /opt/airflow/dags/xcom_dag.py for tasks to queue
[2022-11-12T05:34:21.667+0000] {logging_mixin.py:117} INFO - [2022-11-12T05:34:21.666+0000] {dagbag.py:525} INFO - Filling up the DagBag from /opt/airflow/dags/xcom_dag.py
[2022-11-12T05:34:21.879+0000] {processor.py:768} INFO - DAG(s) dict_keys(['xcom_dag']) retrieved from /opt/airflow/dags/xcom_dag.py
[2022-11-12T05:34:22.219+0000] {logging_mixin.py:117} INFO - [2022-11-12T05:34:22.219+0000] {dag.py:2573} INFO - Sync 1 DAGs
[2022-11-12T05:34:22.454+0000] {logging_mixin.py:117} INFO - [2022-11-12T05:34:22.453+0000] {dag.py:3328} INFO - Setting next_dagrun for xcom_dag to None, run_after=None
[2022-11-12T05:34:22.795+0000] {processor.py:178} INFO - Processing /opt/airflow/dags/xcom_dag.py took 1.154 seconds
[2022-11-12T05:34:53.648+0000] {processor.py:156} INFO - Started process (PID=2264) to work on /opt/airflow/dags/xcom_dag.py
[2022-11-12T05:34:53.683+0000] {processor.py:758} INFO - Processing file /opt/airflow/dags/xcom_dag.py for tasks to queue
[2022-11-12T05:34:53.733+0000] {logging_mixin.py:117} INFO - [2022-11-12T05:34:53.733+0000] {dagbag.py:525} INFO - Filling up the DagBag from /opt/airflow/dags/xcom_dag.py
[2022-11-12T05:34:53.966+0000] {processor.py:768} INFO - DAG(s) dict_keys(['xcom_dag']) retrieved from /opt/airflow/dags/xcom_dag.py
[2022-11-12T05:34:54.386+0000] {logging_mixin.py:117} INFO - [2022-11-12T05:34:54.385+0000] {dag.py:2573} INFO - Sync 1 DAGs
[2022-11-12T05:34:54.768+0000] {logging_mixin.py:117} INFO - [2022-11-12T05:34:54.767+0000] {dag.py:3328} INFO - Setting next_dagrun for xcom_dag to None, run_after=None
[2022-11-12T05:34:55.621+0000] {processor.py:178} INFO - Processing /opt/airflow/dags/xcom_dag.py took 1.994 seconds
[2022-11-12T05:35:26.384+0000] {processor.py:156} INFO - Started process (PID=2285) to work on /opt/airflow/dags/xcom_dag.py
[2022-11-12T05:35:26.390+0000] {processor.py:758} INFO - Processing file /opt/airflow/dags/xcom_dag.py for tasks to queue
[2022-11-12T05:35:26.395+0000] {logging_mixin.py:117} INFO - [2022-11-12T05:35:26.395+0000] {dagbag.py:525} INFO - Filling up the DagBag from /opt/airflow/dags/xcom_dag.py
[2022-11-12T05:35:26.530+0000] {processor.py:768} INFO - DAG(s) dict_keys(['xcom_dag']) retrieved from /opt/airflow/dags/xcom_dag.py
[2022-11-12T05:35:26.693+0000] {logging_mixin.py:117} INFO - [2022-11-12T05:35:26.693+0000] {dag.py:2573} INFO - Sync 1 DAGs
[2022-11-12T05:35:26.974+0000] {logging_mixin.py:117} INFO - [2022-11-12T05:35:26.974+0000] {dag.py:3328} INFO - Setting next_dagrun for xcom_dag to None, run_after=None
[2022-11-12T05:35:27.190+0000] {processor.py:178} INFO - Processing /opt/airflow/dags/xcom_dag.py took 0.817 seconds
[2022-11-12T05:35:57.603+0000] {processor.py:156} INFO - Started process (PID=2307) to work on /opt/airflow/dags/xcom_dag.py
[2022-11-12T05:35:57.606+0000] {processor.py:758} INFO - Processing file /opt/airflow/dags/xcom_dag.py for tasks to queue
[2022-11-12T05:35:57.609+0000] {logging_mixin.py:117} INFO - [2022-11-12T05:35:57.608+0000] {dagbag.py:525} INFO - Filling up the DagBag from /opt/airflow/dags/xcom_dag.py
[2022-11-12T05:35:57.714+0000] {processor.py:768} INFO - DAG(s) dict_keys(['xcom_dag']) retrieved from /opt/airflow/dags/xcom_dag.py
[2022-11-12T05:35:58.021+0000] {logging_mixin.py:117} INFO - [2022-11-12T05:35:58.021+0000] {dag.py:2573} INFO - Sync 1 DAGs
[2022-11-12T05:35:58.213+0000] {logging_mixin.py:117} INFO - [2022-11-12T05:35:58.213+0000] {dag.py:3328} INFO - Setting next_dagrun for xcom_dag to None, run_after=None
[2022-11-12T05:35:58.289+0000] {processor.py:178} INFO - Processing /opt/airflow/dags/xcom_dag.py took 0.698 seconds
[2022-11-12T05:36:28.675+0000] {processor.py:156} INFO - Started process (PID=2328) to work on /opt/airflow/dags/xcom_dag.py
[2022-11-12T05:36:28.714+0000] {processor.py:758} INFO - Processing file /opt/airflow/dags/xcom_dag.py for tasks to queue
[2022-11-12T05:36:28.761+0000] {logging_mixin.py:117} INFO - [2022-11-12T05:36:28.745+0000] {dagbag.py:525} INFO - Filling up the DagBag from /opt/airflow/dags/xcom_dag.py
[2022-11-12T05:36:29.510+0000] {processor.py:768} INFO - DAG(s) dict_keys(['xcom_dag']) retrieved from /opt/airflow/dags/xcom_dag.py
[2022-11-12T05:36:31.827+0000] {logging_mixin.py:117} INFO - [2022-11-12T05:36:31.826+0000] {dag.py:2573} INFO - Sync 1 DAGs
[2022-11-12T05:36:33.745+0000] {logging_mixin.py:117} INFO - [2022-11-12T05:36:33.745+0000] {dag.py:3328} INFO - Setting next_dagrun for xcom_dag to None, run_after=None
[2022-11-12T05:36:34.701+0000] {processor.py:178} INFO - Processing /opt/airflow/dags/xcom_dag.py took 6.151 seconds
[2022-11-12T05:37:05.541+0000] {processor.py:156} INFO - Started process (PID=2349) to work on /opt/airflow/dags/xcom_dag.py
[2022-11-12T05:37:05.553+0000] {processor.py:758} INFO - Processing file /opt/airflow/dags/xcom_dag.py for tasks to queue
[2022-11-12T05:37:05.560+0000] {logging_mixin.py:117} INFO - [2022-11-12T05:37:05.558+0000] {dagbag.py:525} INFO - Filling up the DagBag from /opt/airflow/dags/xcom_dag.py
[2022-11-12T05:37:05.693+0000] {processor.py:768} INFO - DAG(s) dict_keys(['xcom_dag']) retrieved from /opt/airflow/dags/xcom_dag.py
[2022-11-12T05:37:05.924+0000] {logging_mixin.py:117} INFO - [2022-11-12T05:37:05.923+0000] {dag.py:2573} INFO - Sync 1 DAGs
[2022-11-12T05:37:06.126+0000] {logging_mixin.py:117} INFO - [2022-11-12T05:37:06.126+0000] {dag.py:3328} INFO - Setting next_dagrun for xcom_dag to None, run_after=None
[2022-11-12T05:37:06.305+0000] {processor.py:178} INFO - Processing /opt/airflow/dags/xcom_dag.py took 0.794 seconds
[2022-11-12T05:37:13.725+0000] {processor.py:156} INFO - Started process (PID=2354) to work on /opt/airflow/dags/xcom_dag.py
[2022-11-12T05:37:13.731+0000] {processor.py:758} INFO - Processing file /opt/airflow/dags/xcom_dag.py for tasks to queue
[2022-11-12T05:37:13.734+0000] {logging_mixin.py:117} INFO - [2022-11-12T05:37:13.733+0000] {dagbag.py:525} INFO - Filling up the DagBag from /opt/airflow/dags/xcom_dag.py
[2022-11-12T05:37:13.934+0000] {processor.py:768} INFO - DAG(s) dict_keys(['xcom_dag']) retrieved from /opt/airflow/dags/xcom_dag.py
[2022-11-12T05:37:14.084+0000] {logging_mixin.py:117} INFO - [2022-11-12T05:37:14.084+0000] {dag.py:2573} INFO - Sync 1 DAGs
[2022-11-12T05:37:14.147+0000] {logging_mixin.py:117} INFO - [2022-11-12T05:37:14.147+0000] {dag.py:3328} INFO - Setting next_dagrun for xcom_dag to None, run_after=None
[2022-11-12T05:37:14.203+0000] {processor.py:178} INFO - Processing /opt/airflow/dags/xcom_dag.py took 0.494 seconds
[2022-11-12T05:37:44.585+0000] {processor.py:156} INFO - Started process (PID=2377) to work on /opt/airflow/dags/xcom_dag.py
[2022-11-12T05:37:44.639+0000] {processor.py:758} INFO - Processing file /opt/airflow/dags/xcom_dag.py for tasks to queue
[2022-11-12T05:37:44.659+0000] {logging_mixin.py:117} INFO - [2022-11-12T05:37:44.659+0000] {dagbag.py:525} INFO - Filling up the DagBag from /opt/airflow/dags/xcom_dag.py
[2022-11-12T05:37:45.274+0000] {processor.py:768} INFO - DAG(s) dict_keys(['xcom_dag']) retrieved from /opt/airflow/dags/xcom_dag.py
[2022-11-12T05:37:46.294+0000] {logging_mixin.py:117} INFO - [2022-11-12T05:37:46.293+0000] {dag.py:2573} INFO - Sync 1 DAGs
[2022-11-12T05:37:47.235+0000] {logging_mixin.py:117} INFO - [2022-11-12T05:37:47.231+0000] {dag.py:3328} INFO - Setting next_dagrun for xcom_dag to None, run_after=None
[2022-11-12T05:37:47.843+0000] {processor.py:178} INFO - Processing /opt/airflow/dags/xcom_dag.py took 3.312 seconds
[2022-11-12T05:38:18.846+0000] {processor.py:156} INFO - Started process (PID=2395) to work on /opt/airflow/dags/xcom_dag.py
[2022-11-12T05:38:18.950+0000] {processor.py:758} INFO - Processing file /opt/airflow/dags/xcom_dag.py for tasks to queue
[2022-11-12T05:38:18.991+0000] {logging_mixin.py:117} INFO - [2022-11-12T05:38:18.989+0000] {dagbag.py:525} INFO - Filling up the DagBag from /opt/airflow/dags/xcom_dag.py
[2022-11-12T05:38:19.955+0000] {processor.py:768} INFO - DAG(s) dict_keys(['xcom_dag']) retrieved from /opt/airflow/dags/xcom_dag.py
[2022-11-12T05:38:22.108+0000] {logging_mixin.py:117} INFO - [2022-11-12T05:38:22.091+0000] {dag.py:2573} INFO - Sync 1 DAGs
[2022-11-12T05:38:22.480+0000] {logging_mixin.py:117} INFO - [2022-11-12T05:38:22.480+0000] {dag.py:3328} INFO - Setting next_dagrun for xcom_dag to None, run_after=None
[2022-11-12T05:38:22.981+0000] {processor.py:178} INFO - Processing /opt/airflow/dags/xcom_dag.py took 4.208 seconds
[2022-11-12T05:38:53.796+0000] {processor.py:156} INFO - Started process (PID=2415) to work on /opt/airflow/dags/xcom_dag.py
[2022-11-12T05:38:53.804+0000] {processor.py:758} INFO - Processing file /opt/airflow/dags/xcom_dag.py for tasks to queue
[2022-11-12T05:38:53.819+0000] {logging_mixin.py:117} INFO - [2022-11-12T05:38:53.818+0000] {dagbag.py:525} INFO - Filling up the DagBag from /opt/airflow/dags/xcom_dag.py
[2022-11-12T05:38:54.171+0000] {processor.py:768} INFO - DAG(s) dict_keys(['xcom_dag']) retrieved from /opt/airflow/dags/xcom_dag.py
[2022-11-12T05:38:55.355+0000] {logging_mixin.py:117} INFO - [2022-11-12T05:38:55.355+0000] {dag.py:2573} INFO - Sync 1 DAGs
[2022-11-12T05:38:56.112+0000] {logging_mixin.py:117} INFO - [2022-11-12T05:38:56.112+0000] {dag.py:3328} INFO - Setting next_dagrun for xcom_dag to None, run_after=None
[2022-11-12T05:38:56.470+0000] {processor.py:178} INFO - Processing /opt/airflow/dags/xcom_dag.py took 2.717 seconds
[2022-11-12T05:39:27.326+0000] {processor.py:156} INFO - Started process (PID=2438) to work on /opt/airflow/dags/xcom_dag.py
[2022-11-12T05:39:27.350+0000] {processor.py:758} INFO - Processing file /opt/airflow/dags/xcom_dag.py for tasks to queue
[2022-11-12T05:39:27.354+0000] {logging_mixin.py:117} INFO - [2022-11-12T05:39:27.354+0000] {dagbag.py:525} INFO - Filling up the DagBag from /opt/airflow/dags/xcom_dag.py
[2022-11-12T05:39:27.850+0000] {processor.py:768} INFO - DAG(s) dict_keys(['xcom_dag']) retrieved from /opt/airflow/dags/xcom_dag.py
[2022-11-12T05:39:29.302+0000] {logging_mixin.py:117} INFO - [2022-11-12T05:39:29.302+0000] {dag.py:2573} INFO - Sync 1 DAGs
[2022-11-12T05:39:29.790+0000] {logging_mixin.py:117} INFO - [2022-11-12T05:39:29.764+0000] {dag.py:3328} INFO - Setting next_dagrun for xcom_dag to None, run_after=None
[2022-11-12T05:39:30.138+0000] {processor.py:178} INFO - Processing /opt/airflow/dags/xcom_dag.py took 2.839 seconds
