[2022-11-12T05:25:09.551+0000] {taskinstance.py:1165} INFO - Dependencies all met for <TaskInstance: xcom_dag.xcom_task2 manual__2022-11-12T05:25:00.419173+00:00 [queued]>
[2022-11-12T05:25:09.634+0000] {taskinstance.py:1165} INFO - Dependencies all met for <TaskInstance: xcom_dag.xcom_task2 manual__2022-11-12T05:25:00.419173+00:00 [queued]>
[2022-11-12T05:25:09.635+0000] {taskinstance.py:1362} INFO - 
--------------------------------------------------------------------------------
[2022-11-12T05:25:09.637+0000] {taskinstance.py:1363} INFO - Starting attempt 1 of 1
[2022-11-12T05:25:09.638+0000] {taskinstance.py:1364} INFO - 
--------------------------------------------------------------------------------
[2022-11-12T05:25:09.874+0000] {taskinstance.py:1383} INFO - Executing <Task(PythonOperator): xcom_task2> on 2022-11-12 05:25:00.419173+00:00
[2022-11-12T05:25:09.960+0000] {standard_task_runner.py:54} INFO - Started process 1771 to run task
[2022-11-12T05:25:10.032+0000] {standard_task_runner.py:82} INFO - Running: ['***', 'tasks', 'run', 'xcom_dag', 'xcom_task2', 'manual__2022-11-12T05:25:00.419173+00:00', '--job-id', '21', '--raw', '--subdir', 'DAGS_FOLDER/xcom_dag.py', '--cfg-path', '/tmp/tmpfrwc9avc']
[2022-11-12T05:25:10.037+0000] {standard_task_runner.py:83} INFO - Job 21: Subtask xcom_task2
[2022-11-12T05:25:10.051+0000] {dagbag.py:525} INFO - Filling up the DagBag from /opt/***/dags/xcom_dag.py
[2022-11-12T05:25:11.293+0000] {task_command.py:384} INFO - Running <TaskInstance: xcom_dag.xcom_task2 manual__2022-11-12T05:25:00.419173+00:00 [running]> on host 4e1173cf24e4
[2022-11-12T05:25:12.516+0000] {taskinstance.py:1592} INFO - Exporting the following env vars:
AIRFLOW_CTX_DAG_OWNER=***
AIRFLOW_CTX_DAG_ID=xcom_dag
AIRFLOW_CTX_TASK_ID=xcom_task2
AIRFLOW_CTX_EXECUTION_DATE=2022-11-12T05:25:00.419173+00:00
AIRFLOW_CTX_TRY_NUMBER=1
AIRFLOW_CTX_DAG_RUN_ID=manual__2022-11-12T05:25:00.419173+00:00
[2022-11-12T05:25:12.532+0000] {python.py:177} INFO - Done. Returned value was: Yusuf
[2022-11-12T05:25:13.284+0000] {taskinstance.py:1406} INFO - Marking task as SUCCESS. dag_id=xcom_dag, task_id=xcom_task2, execution_date=20221112T052500, start_date=20221112T052509, end_date=20221112T052513
[2022-11-12T05:25:13.659+0000] {local_task_job.py:164} INFO - Task exited with return code 0
[2022-11-12T05:25:14.127+0000] {local_task_job.py:273} INFO - 1 downstream tasks scheduled from follow-on schedule check
